2019-10-17 09:06:23 Error: [Cake\Http\Exception\NotFoundException] Not Found (C:\wamp64\www\teasel\src\Controller\PagesController.php:65)
#0 C:\wamp64\www\teasel\vendor\cakephp\cakephp\src\Controller\Controller.php(609): App\Controller\PagesController->display('not_existing')
#1 C:\wamp64\www\teasel\vendor\cakephp\cakephp\src\Http\ActionDispatcher.php(120): Cake\Controller\Controller->invokeAction()
#2 C:\wamp64\www\teasel\vendor\cakephp\cakephp\src\Http\ActionDispatcher.php(94): Cake\Http\ActionDispatcher->_invoke(Object(App\Controller\PagesController))
#3 C:\wamp64\www\teasel\vendor\cakephp\cakephp\src\Http\BaseApplication.php(234): Cake\Http\ActionDispatcher->dispatch(Object(Cake\Http\ServerRequest), Object(Cake\Http\Response))
#4 C:\wamp64\www\teasel\vendor\cakephp\cakephp\src\Http\Runner.php(65): Cake\Http\BaseApplication->__invoke(Object(Cake\Http\ServerRequest), Object(Cake\Http\Response), Object(Cake\Http\Runner))
#5 C:\wamp64\www\teasel\vendor\cakephp\cakephp\src\Http\Runner.php(65): Cake\Http\Runner->__invoke(Object(Cake\Http\ServerRequest), Object(Cake\Http\Response), Object(Cake\Http\Runner))
#6 C:\wamp64\www\teasel\vendor\cakephp\cakephp\src\Http\Middleware\CsrfProtectionMiddleware.php(119): Cake\Http\Runner->__invoke(Object(Cake\Http\ServerRequest), Object(Cake\Http\Response))
#7 C:\wamp64\www\teasel\vendor\cakephp\cakephp\src\Http\Runner.php(65): Cake\Http\Middleware\CsrfProtectionMiddleware->__invoke(Object(Cake\Http\ServerRequest), Object(Cake\Http\Response), Object(Cake\Http\Runner))
#8 C:\wamp64\www\teasel\vendor\cakephp\cakephp\src\Http\Runner.php(51): Cake\Http\Runner->__invoke(Object(Cake\Http\ServerRequest), Object(Cake\Http\Response))
#9 C:\wamp64\www\teasel\vendor\cakephp\cakephp\src\Routing\Middleware\RoutingMiddleware.php(168): Cake\Http\Runner->run(Object(Cake\Http\MiddlewareQueue), Object(Cake\Http\ServerRequest), Object(Cake\Http\Response))
#10 C:\wamp64\www\teasel\vendor\cakephp\cakephp\src\Http\Runner.php(65): Cake\Routing\Middleware\RoutingMiddleware->__invoke(Object(Cake\Http\ServerRequest), Object(Cake\Http\Response), Object(Cake\Http\Runner))
#11 C:\wamp64\www\teasel\vendor\cakephp\cakephp\src\Routing\Middleware\AssetMiddleware.php(88): Cake\Http\Runner->__invoke(Object(Cake\Http\ServerRequest), Object(Cake\Http\Response))
#12 C:\wamp64\www\teasel\vendor\cakephp\cakephp\src\Http\Runner.php(65): Cake\Routing\Middleware\AssetMiddleware->__invoke(Object(Cake\Http\ServerRequest), Object(Cake\Http\Response), Object(Cake\Http\Runner))
#13 C:\wamp64\www\teasel\vendor\cakephp\cakephp\src\Error\Middleware\ErrorHandlerMiddleware.php(96): Cake\Http\Runner->__invoke(Object(Cake\Http\ServerRequest), Object(Cake\Http\Response))
#14 C:\wamp64\www\teasel\vendor\cakephp\cakephp\src\Http\Runner.php(65): Cake\Error\Middleware\ErrorHandlerMiddleware->__invoke(Object(Cake\Http\ServerRequest), Object(Cake\Http\Response), Object(Cake\Http\Runner))
#15 C:\wamp64\www\teasel\vendor\cakephp\cakephp\src\Http\Runner.php(51): Cake\Http\Runner->__invoke(Object(Cake\Http\ServerRequest), Object(Cake\Http\Response))
#16 C:\wamp64\www\teasel\vendor\cakephp\cakephp\src\Http\Server.php(97): Cake\Http\Runner->run(Object(Cake\Http\MiddlewareQueue), Object(Cake\Http\ServerRequest), Object(Cake\Http\Response))
#17 C:\wamp64\www\teasel\vendor\cakephp\cakephp\src\TestSuite\MiddlewareDispatcher.php(201): Cake\Http\Server->run(Object(Cake\Http\ServerRequest))
#18 C:\wamp64\www\teasel\vendor\cakephp\cakephp\src\TestSuite\IntegrationTestTrait.php(535): Cake\TestSuite\MiddlewareDispatcher->execute(Array)
#19 C:\wamp64\www\teasel\vendor\cakephp\cakephp\src\TestSuite\IntegrationTestTrait.php(415): Cake\TestSuite\IntegrationTestCase->_sendRequest('/pages/not_exis...', 'GET')
#20 C:\wamp64\www\teasel\tests\TestCase\Controller\PagesControllerTest.php(65): Cake\TestSuite\IntegrationTestCase->get('/pages/not_exis...')
#21 [internal function]: App\Test\TestCase\Controller\PagesControllerTest->testMissingTemplate()
#22 C:\wamp64\www\teasel\vendor\phpunit\phpunit\src\Framework\TestCase.php(1071): ReflectionMethod->invokeArgs(Object(App\Test\TestCase\Controller\PagesControllerTest), Array)
#23 C:\wamp64\www\teasel\vendor\phpunit\phpunit\src\Framework\TestCase.php(939): PHPUnit\Framework\TestCase->runTest()
#24 C:\wamp64\www\teasel\vendor\phpunit\phpunit\src\Framework\TestResult.php(698): PHPUnit\Framework\TestCase->runBare()
#25 C:\wamp64\www\teasel\vendor\phpunit\phpunit\src\Framework\TestCase.php(894): PHPUnit\Framework\TestResult->run(Object(App\Test\TestCase\Controller\PagesControllerTest))
#26 C:\wamp64\www\teasel\vendor\phpunit\phpunit\src\Framework\TestSuite.php(755): PHPUnit\Framework\TestCase->run(Object(PHPUnit\Framework\TestResult))
#27 C:\wamp64\www\teasel\vendor\phpunit\phpunit\src\Framework\TestSuite.php(755): PHPUnit\Framework\TestSuite->run(Object(PHPUnit\Framework\TestResult))
#28 C:\wamp64\www\teasel\vendor\phpunit\phpunit\src\TextUI\TestRunner.php(545): PHPUnit\Framework\TestSuite->run(Object(PHPUnit\Framework\TestResult))
#29 C:\wamp64\www\teasel\vendor\phpunit\phpunit\src\TextUI\Command.php(195): PHPUnit\TextUI\TestRunner->doRun(Object(PHPUnit\Framework\TestSuite), Array, true)
#30 C:\wamp64\www\teasel\vendor\phpunit\phpunit\src\TextUI\Command.php(148): PHPUnit\TextUI\Command->run(Array, true)
#31 C:\wamp64\www\teasel\vendor\phpunit\phpunit\phpunit(53): PHPUnit\TextUI\Command::main()
#32 {main}
Request URL: /pages/not_existing


2019-10-17 09:06:23 Error: [Cake\View\Exception\MissingTemplateException] Template file "Pages\not_existing.ctp" is missing. (C:\wamp64\www\teasel\vendor\cakephp\cakephp\src\View\View.php:1581)
Exception Attributes: array (
  'file' => 'Pages\\not_existing.ctp',
)
#0 C:\wamp64\www\teasel\vendor\cakephp\cakephp\src\View\View.php(875): Cake\View\View->_getViewFileName('Pages\\not_exist...')
#1 C:\wamp64\www\teasel\vendor\cakephp\cakephp\src\Controller\Controller.php(795): Cake\View\View->render('not_existing', NULL)
#2 C:\wamp64\www\teasel\src\Controller\PagesController.php(60): Cake\Controller\Controller->render('not_existing')
#3 C:\wamp64\www\teasel\vendor\cakephp\cakephp\src\Controller\Controller.php(609): App\Controller\PagesController->display('not_existing')
#4 C:\wamp64\www\teasel\vendor\cakephp\cakephp\src\Http\ActionDispatcher.php(120): Cake\Controller\Controller->invokeAction()
#5 C:\wamp64\www\teasel\vendor\cakephp\cakephp\src\Http\ActionDispatcher.php(94): Cake\Http\ActionDispatcher->_invoke(Object(App\Controller\PagesController))
#6 C:\wamp64\www\teasel\vendor\cakephp\cakephp\src\Http\BaseApplication.php(234): Cake\Http\ActionDispatcher->dispatch(Object(Cake\Http\ServerRequest), Object(Cake\Http\Response))
#7 C:\wamp64\www\teasel\vendor\cakephp\cakephp\src\Http\Runner.php(65): Cake\Http\BaseApplication->__invoke(Object(Cake\Http\ServerRequest), Object(Cake\Http\Response), Object(Cake\Http\Runner))
#8 C:\wamp64\www\teasel\vendor\cakephp\cakephp\src\Http\Runner.php(65): Cake\Http\Runner->__invoke(Object(Cake\Http\ServerRequest), Object(Cake\Http\Response), Object(Cake\Http\Runner))
#9 C:\wamp64\www\teasel\vendor\cakephp\cakephp\src\Http\Middleware\CsrfProtectionMiddleware.php(119): Cake\Http\Runner->__invoke(Object(Cake\Http\ServerRequest), Object(Cake\Http\Response))
#10 C:\wamp64\www\teasel\vendor\cakephp\cakephp\src\Http\Runner.php(65): Cake\Http\Middleware\CsrfProtectionMiddleware->__invoke(Object(Cake\Http\ServerRequest), Object(Cake\Http\Response), Object(Cake\Http\Runner))
#11 C:\wamp64\www\teasel\vendor\cakephp\cakephp\src\Http\Runner.php(51): Cake\Http\Runner->__invoke(Object(Cake\Http\ServerRequest), Object(Cake\Http\Response))
#12 C:\wamp64\www\teasel\vendor\cakephp\cakephp\src\Routing\Middleware\RoutingMiddleware.php(168): Cake\Http\Runner->run(Object(Cake\Http\MiddlewareQueue), Object(Cake\Http\ServerRequest), Object(Cake\Http\Response))
#13 C:\wamp64\www\teasel\vendor\cakephp\cakephp\src\Http\Runner.php(65): Cake\Routing\Middleware\RoutingMiddleware->__invoke(Object(Cake\Http\ServerRequest), Object(Cake\Http\Response), Object(Cake\Http\Runner))
#14 C:\wamp64\www\teasel\vendor\cakephp\cakephp\src\Routing\Middleware\AssetMiddleware.php(88): Cake\Http\Runner->__invoke(Object(Cake\Http\ServerRequest), Object(Cake\Http\Response))
#15 C:\wamp64\www\teasel\vendor\cakephp\cakephp\src\Http\Runner.php(65): Cake\Routing\Middleware\AssetMiddleware->__invoke(Object(Cake\Http\ServerRequest), Object(Cake\Http\Response), Object(Cake\Http\Runner))
#16 C:\wamp64\www\teasel\vendor\cakephp\cakephp\src\Error\Middleware\ErrorHandlerMiddleware.php(96): Cake\Http\Runner->__invoke(Object(Cake\Http\ServerRequest), Object(Cake\Http\Response))
#17 C:\wamp64\www\teasel\vendor\cakephp\cakephp\src\Http\Runner.php(65): Cake\Error\Middleware\ErrorHandlerMiddleware->__invoke(Object(Cake\Http\ServerRequest), Object(Cake\Http\Response), Object(Cake\Http\Runner))
#18 C:\wamp64\www\teasel\vendor\cakephp\cakephp\src\Http\Runner.php(51): Cake\Http\Runner->__invoke(Object(Cake\Http\ServerRequest), Object(Cake\Http\Response))
#19 C:\wamp64\www\teasel\vendor\cakephp\cakephp\src\Http\Server.php(97): Cake\Http\Runner->run(Object(Cake\Http\MiddlewareQueue), Object(Cake\Http\ServerRequest), Object(Cake\Http\Response))
#20 C:\wamp64\www\teasel\vendor\cakephp\cakephp\src\TestSuite\MiddlewareDispatcher.php(201): Cake\Http\Server->run(Object(Cake\Http\ServerRequest))
#21 C:\wamp64\www\teasel\vendor\cakephp\cakephp\src\TestSuite\IntegrationTestTrait.php(535): Cake\TestSuite\MiddlewareDispatcher->execute(Array)
#22 C:\wamp64\www\teasel\vendor\cakephp\cakephp\src\TestSuite\IntegrationTestTrait.php(415): Cake\TestSuite\IntegrationTestCase->_sendRequest('/pages/not_exis...', 'GET')
#23 C:\wamp64\www\teasel\tests\TestCase\Controller\PagesControllerTest.php(79): Cake\TestSuite\IntegrationTestCase->get('/pages/not_exis...')
#24 [internal function]: App\Test\TestCase\Controller\PagesControllerTest->testMissingTemplateInDebug()
#25 C:\wamp64\www\teasel\vendor\phpunit\phpunit\src\Framework\TestCase.php(1071): ReflectionMethod->invokeArgs(Object(App\Test\TestCase\Controller\PagesControllerTest), Array)
#26 C:\wamp64\www\teasel\vendor\phpunit\phpunit\src\Framework\TestCase.php(939): PHPUnit\Framework\TestCase->runTest()
#27 C:\wamp64\www\teasel\vendor\phpunit\phpunit\src\Framework\TestResult.php(698): PHPUnit\Framework\TestCase->runBare()
#28 C:\wamp64\www\teasel\vendor\phpunit\phpunit\src\Framework\TestCase.php(894): PHPUnit\Framework\TestResult->run(Object(App\Test\TestCase\Controller\PagesControllerTest))
#29 C:\wamp64\www\teasel\vendor\phpunit\phpunit\src\Framework\TestSuite.php(755): PHPUnit\Framework\TestCase->run(Object(PHPUnit\Framework\TestResult))
#30 C:\wamp64\www\teasel\vendor\phpunit\phpunit\src\Framework\TestSuite.php(755): PHPUnit\Framework\TestSuite->run(Object(PHPUnit\Framework\TestResult))
#31 C:\wamp64\www\teasel\vendor\phpunit\phpunit\src\TextUI\TestRunner.php(545): PHPUnit\Framework\TestSuite->run(Object(PHPUnit\Framework\TestResult))
#32 C:\wamp64\www\teasel\vendor\phpunit\phpunit\src\TextUI\Command.php(195): PHPUnit\TextUI\TestRunner->doRun(Object(PHPUnit\Framework\TestSuite), Array, true)
#33 C:\wamp64\www\teasel\vendor\phpunit\phpunit\src\TextUI\Command.php(148): PHPUnit\TextUI\Command->run(Array, true)
#34 C:\wamp64\www\teasel\vendor\phpunit\phpunit\phpunit(53): PHPUnit\TextUI\Command::main()
#35 {main}
Request URL: /pages/not_existing


2019-10-17 09:06:23 Error: [Cake\Http\Exception\ForbiddenException] Forbidden (C:\wamp64\www\teasel\src\Controller\PagesController.php:47)
#0 C:\wamp64\www\teasel\vendor\cakephp\cakephp\src\Controller\Controller.php(609): App\Controller\PagesController->display('..', 'Layout', 'ajax')
#1 C:\wamp64\www\teasel\vendor\cakephp\cakephp\src\Http\ActionDispatcher.php(120): Cake\Controller\Controller->invokeAction()
#2 C:\wamp64\www\teasel\vendor\cakephp\cakephp\src\Http\ActionDispatcher.php(94): Cake\Http\ActionDispatcher->_invoke(Object(App\Controller\PagesController))
#3 C:\wamp64\www\teasel\vendor\cakephp\cakephp\src\Http\BaseApplication.php(234): Cake\Http\ActionDispatcher->dispatch(Object(Cake\Http\ServerRequest), Object(Cake\Http\Response))
#4 C:\wamp64\www\teasel\vendor\cakephp\cakephp\src\Http\Runner.php(65): Cake\Http\BaseApplication->__invoke(Object(Cake\Http\ServerRequest), Object(Cake\Http\Response), Object(Cake\Http\Runner))
#5 C:\wamp64\www\teasel\vendor\cakephp\cakephp\src\Http\Runner.php(65): Cake\Http\Runner->__invoke(Object(Cake\Http\ServerRequest), Object(Cake\Http\Response), Object(Cake\Http\Runner))
#6 C:\wamp64\www\teasel\vendor\cakephp\cakephp\src\Http\Middleware\CsrfProtectionMiddleware.php(119): Cake\Http\Runner->__invoke(Object(Cake\Http\ServerRequest), Object(Cake\Http\Response))
#7 C:\wamp64\www\teasel\vendor\cakephp\cakephp\src\Http\Runner.php(65): Cake\Http\Middleware\CsrfProtectionMiddleware->__invoke(Object(Cake\Http\ServerRequest), Object(Cake\Http\Response), Object(Cake\Http\Runner))
#8 C:\wamp64\www\teasel\vendor\cakephp\cakephp\src\Http\Runner.php(51): Cake\Http\Runner->__invoke(Object(Cake\Http\ServerRequest), Object(Cake\Http\Response))
#9 C:\wamp64\www\teasel\vendor\cakephp\cakephp\src\Routing\Middleware\RoutingMiddleware.php(168): Cake\Http\Runner->run(Object(Cake\Http\MiddlewareQueue), Object(Cake\Http\ServerRequest), Object(Cake\Http\Response))
#10 C:\wamp64\www\teasel\vendor\cakephp\cakephp\src\Http\Runner.php(65): Cake\Routing\Middleware\RoutingMiddleware->__invoke(Object(Cake\Http\ServerRequest), Object(Cake\Http\Response), Object(Cake\Http\Runner))
#11 C:\wamp64\www\teasel\vendor\cakephp\cakephp\src\Routing\Middleware\AssetMiddleware.php(88): Cake\Http\Runner->__invoke(Object(Cake\Http\ServerRequest), Object(Cake\Http\Response))
#12 C:\wamp64\www\teasel\vendor\cakephp\cakephp\src\Http\Runner.php(65): Cake\Routing\Middleware\AssetMiddleware->__invoke(Object(Cake\Http\ServerRequest), Object(Cake\Http\Response), Object(Cake\Http\Runner))
#13 C:\wamp64\www\teasel\vendor\cakephp\cakephp\src\Error\Middleware\ErrorHandlerMiddleware.php(96): Cake\Http\Runner->__invoke(Object(Cake\Http\ServerRequest), Object(Cake\Http\Response))
#14 C:\wamp64\www\teasel\vendor\cakephp\cakephp\src\Http\Runner.php(65): Cake\Error\Middleware\ErrorHandlerMiddleware->__invoke(Object(Cake\Http\ServerRequest), Object(Cake\Http\Response), Object(Cake\Http\Runner))
#15 C:\wamp64\www\teasel\vendor\cakephp\cakephp\src\Http\Runner.php(51): Cake\Http\Runner->__invoke(Object(Cake\Http\ServerRequest), Object(Cake\Http\Response))
#16 C:\wamp64\www\teasel\vendor\cakephp\cakephp\src\Http\Server.php(97): Cake\Http\Runner->run(Object(Cake\Http\MiddlewareQueue), Object(Cake\Http\ServerRequest), Object(Cake\Http\Response))
#17 C:\wamp64\www\teasel\vendor\cakephp\cakephp\src\TestSuite\MiddlewareDispatcher.php(201): Cake\Http\Server->run(Object(Cake\Http\ServerRequest))
#18 C:\wamp64\www\teasel\vendor\cakephp\cakephp\src\TestSuite\IntegrationTestTrait.php(535): Cake\TestSuite\MiddlewareDispatcher->execute(Array)
#19 C:\wamp64\www\teasel\vendor\cakephp\cakephp\src\TestSuite\IntegrationTestTrait.php(415): Cake\TestSuite\IntegrationTestCase->_sendRequest('/pages/../Layou...', 'GET')
#20 C:\wamp64\www\teasel\tests\TestCase\Controller\PagesControllerTest.php(94): Cake\TestSuite\IntegrationTestCase->get('/pages/../Layou...')
#21 [internal function]: App\Test\TestCase\Controller\PagesControllerTest->testDirectoryTraversalProtection()
#22 C:\wamp64\www\teasel\vendor\phpunit\phpunit\src\Framework\TestCase.php(1071): ReflectionMethod->invokeArgs(Object(App\Test\TestCase\Controller\PagesControllerTest), Array)
#23 C:\wamp64\www\teasel\vendor\phpunit\phpunit\src\Framework\TestCase.php(939): PHPUnit\Framework\TestCase->runTest()
#24 C:\wamp64\www\teasel\vendor\phpunit\phpunit\src\Framework\TestResult.php(698): PHPUnit\Framework\TestCase->runBare()
#25 C:\wamp64\www\teasel\vendor\phpunit\phpunit\src\Framework\TestCase.php(894): PHPUnit\Framework\TestResult->run(Object(App\Test\TestCase\Controller\PagesControllerTest))
#26 C:\wamp64\www\teasel\vendor\phpunit\phpunit\src\Framework\TestSuite.php(755): PHPUnit\Framework\TestCase->run(Object(PHPUnit\Framework\TestResult))
#27 C:\wamp64\www\teasel\vendor\phpunit\phpunit\src\Framework\TestSuite.php(755): PHPUnit\Framework\TestSuite->run(Object(PHPUnit\Framework\TestResult))
#28 C:\wamp64\www\teasel\vendor\phpunit\phpunit\src\TextUI\TestRunner.php(545): PHPUnit\Framework\TestSuite->run(Object(PHPUnit\Framework\TestResult))
#29 C:\wamp64\www\teasel\vendor\phpunit\phpunit\src\TextUI\Command.php(195): PHPUnit\TextUI\TestRunner->doRun(Object(PHPUnit\Framework\TestSuite), Array, true)
#30 C:\wamp64\www\teasel\vendor\phpunit\phpunit\src\TextUI\Command.php(148): PHPUnit\TextUI\Command->run(Array, true)
#31 C:\wamp64\www\teasel\vendor\phpunit\phpunit\phpunit(53): PHPUnit\TextUI\Command::main()
#32 {main}
Request URL: /pages/../Layout/ajax


2019-10-17 09:06:23 Error: [Cake\Http\Exception\InvalidCsrfTokenException] Missing CSRF token cookie (C:\wamp64\www\teasel\vendor\cakephp\cakephp\src\Http\Middleware\CsrfProtectionMiddleware.php:227)
#0 C:\wamp64\www\teasel\vendor\cakephp\cakephp\src\Http\Middleware\CsrfProtectionMiddleware.php(151): Cake\Http\Middleware\CsrfProtectionMiddleware->_validateToken(Object(Cake\Http\ServerRequest))
#1 C:\wamp64\www\teasel\vendor\cakephp\cakephp\src\Http\Middleware\CsrfProtectionMiddleware.php(121): Cake\Http\Middleware\CsrfProtectionMiddleware->_validateAndUnsetTokenField(Object(Cake\Http\ServerRequest))
#2 C:\wamp64\www\teasel\vendor\cakephp\cakephp\src\Http\Runner.php(65): Cake\Http\Middleware\CsrfProtectionMiddleware->__invoke(Object(Cake\Http\ServerRequest), Object(Cake\Http\Response), Object(Cake\Http\Runner))
#3 C:\wamp64\www\teasel\vendor\cakephp\cakephp\src\Http\Runner.php(51): Cake\Http\Runner->__invoke(Object(Cake\Http\ServerRequest), Object(Cake\Http\Response))
#4 C:\wamp64\www\teasel\vendor\cakephp\cakephp\src\Routing\Middleware\RoutingMiddleware.php(168): Cake\Http\Runner->run(Object(Cake\Http\MiddlewareQueue), Object(Cake\Http\ServerRequest), Object(Cake\Http\Response))
#5 C:\wamp64\www\teasel\vendor\cakephp\cakephp\src\Http\Runner.php(65): Cake\Routing\Middleware\RoutingMiddleware->__invoke(Object(Cake\Http\ServerRequest), Object(Cake\Http\Response), Object(Cake\Http\Runner))
#6 C:\wamp64\www\teasel\vendor\cakephp\cakephp\src\Routing\Middleware\AssetMiddleware.php(88): Cake\Http\Runner->__invoke(Object(Cake\Http\ServerRequest), Object(Cake\Http\Response))
#7 C:\wamp64\www\teasel\vendor\cakephp\cakephp\src\Http\Runner.php(65): Cake\Routing\Middleware\AssetMiddleware->__invoke(Object(Cake\Http\ServerRequest), Object(Cake\Http\Response), Object(Cake\Http\Runner))
#8 C:\wamp64\www\teasel\vendor\cakephp\cakephp\src\Error\Middleware\ErrorHandlerMiddleware.php(96): Cake\Http\Runner->__invoke(Object(Cake\Http\ServerRequest), Object(Cake\Http\Response))
#9 C:\wamp64\www\teasel\vendor\cakephp\cakephp\src\Http\Runner.php(65): Cake\Error\Middleware\ErrorHandlerMiddleware->__invoke(Object(Cake\Http\ServerRequest), Object(Cake\Http\Response), Object(Cake\Http\Runner))
#10 C:\wamp64\www\teasel\vendor\cakephp\cakephp\src\Http\Runner.php(51): Cake\Http\Runner->__invoke(Object(Cake\Http\ServerRequest), Object(Cake\Http\Response))
#11 C:\wamp64\www\teasel\vendor\cakephp\cakephp\src\Http\Server.php(97): Cake\Http\Runner->run(Object(Cake\Http\MiddlewareQueue), Object(Cake\Http\ServerRequest), Object(Cake\Http\Response))
#12 C:\wamp64\www\teasel\vendor\cakephp\cakephp\src\TestSuite\MiddlewareDispatcher.php(201): Cake\Http\Server->run(Object(Cake\Http\ServerRequest))
#13 C:\wamp64\www\teasel\vendor\cakephp\cakephp\src\TestSuite\IntegrationTestTrait.php(535): Cake\TestSuite\MiddlewareDispatcher->execute(Array)
#14 C:\wamp64\www\teasel\vendor\cakephp\cakephp\src\TestSuite\IntegrationTestTrait.php(432): Cake\TestSuite\IntegrationTestCase->_sendRequest('/pages/home', 'POST', Array)
#15 C:\wamp64\www\teasel\tests\TestCase\Controller\PagesControllerTest.php(106): Cake\TestSuite\IntegrationTestCase->post('/pages/home', Array)
#16 [internal function]: App\Test\TestCase\Controller\PagesControllerTest->testCsrfAppliedError()
#17 C:\wamp64\www\teasel\vendor\phpunit\phpunit\src\Framework\TestCase.php(1071): ReflectionMethod->invokeArgs(Object(App\Test\TestCase\Controller\PagesControllerTest), Array)
#18 C:\wamp64\www\teasel\vendor\phpunit\phpunit\src\Framework\TestCase.php(939): PHPUnit\Framework\TestCase->runTest()
#19 C:\wamp64\www\teasel\vendor\phpunit\phpunit\src\Framework\TestResult.php(698): PHPUnit\Framework\TestCase->runBare()
#20 C:\wamp64\www\teasel\vendor\phpunit\phpunit\src\Framework\TestCase.php(894): PHPUnit\Framework\TestResult->run(Object(App\Test\TestCase\Controller\PagesControllerTest))
#21 C:\wamp64\www\teasel\vendor\phpunit\phpunit\src\Framework\TestSuite.php(755): PHPUnit\Framework\TestCase->run(Object(PHPUnit\Framework\TestResult))
#22 C:\wamp64\www\teasel\vendor\phpunit\phpunit\src\Framework\TestSuite.php(755): PHPUnit\Framework\TestSuite->run(Object(PHPUnit\Framework\TestResult))
#23 C:\wamp64\www\teasel\vendor\phpunit\phpunit\src\TextUI\TestRunner.php(545): PHPUnit\Framework\TestSuite->run(Object(PHPUnit\Framework\TestResult))
#24 C:\wamp64\www\teasel\vendor\phpunit\phpunit\src\TextUI\Command.php(195): PHPUnit\TextUI\TestRunner->doRun(Object(PHPUnit\Framework\TestSuite), Array, true)
#25 C:\wamp64\www\teasel\vendor\phpunit\phpunit\src\TextUI\Command.php(148): PHPUnit\TextUI\Command->run(Array, true)
#26 C:\wamp64\www\teasel\vendor\phpunit\phpunit\phpunit(53): PHPUnit\TextUI\Command::main()
#27 {main}
Request URL: /pages/home


2019-10-17 09:48:22 Error: [Cake\View\Exception\MissingTemplateException] Template file "Apis\test.ctp" is missing. (C:\wamp64\www\teasel\vendor\cakephp\cakephp\src\View\View.php:1581)
#0 C:\wamp64\www\teasel\vendor\cakephp\cakephp\src\View\View.php(875): Cake\View\View->_getViewFileName('Apis\\test')
#1 C:\wamp64\www\teasel\vendor\cakephp\cakephp\src\Controller\Controller.php(795): Cake\View\View->render(NULL, NULL)
#2 C:\wamp64\www\teasel\vendor\cakephp\cakephp\src\Http\ActionDispatcher.php(126): Cake\Controller\Controller->render()
#3 C:\wamp64\www\teasel\vendor\cakephp\cakephp\src\Http\ActionDispatcher.php(94): Cake\Http\ActionDispatcher->_invoke(Object(App\Controller\ApisController))
#4 C:\wamp64\www\teasel\vendor\cakephp\cakephp\src\Http\BaseApplication.php(234): Cake\Http\ActionDispatcher->dispatch(Object(Cake\Http\ServerRequest), Object(Cake\Http\Response))
#5 C:\wamp64\www\teasel\vendor\cakephp\cakephp\src\Http\Runner.php(65): Cake\Http\BaseApplication->__invoke(Object(Cake\Http\ServerRequest), Object(Cake\Http\Response), Object(Cake\Http\Runner))
#6 C:\wamp64\www\teasel\vendor\cakephp\cakephp\src\Http\Runner.php(65): Cake\Http\Runner->__invoke(Object(Cake\Http\ServerRequest), Object(Cake\Http\Response), Object(Cake\Http\Runner))
#7 C:\wamp64\www\teasel\vendor\cakephp\cakephp\src\Http\Middleware\CsrfProtectionMiddleware.php(119): Cake\Http\Runner->__invoke(Object(Cake\Http\ServerRequest), Object(Cake\Http\Response))
#8 C:\wamp64\www\teasel\vendor\cakephp\cakephp\src\Http\Runner.php(65): Cake\Http\Middleware\CsrfProtectionMiddleware->__invoke(Object(Cake\Http\ServerRequest), Object(Cake\Http\Response), Object(Cake\Http\Runner))
#9 C:\wamp64\www\teasel\vendor\cakephp\cakephp\src\Http\Runner.php(51): Cake\Http\Runner->__invoke(Object(Cake\Http\ServerRequest), Object(Cake\Http\Response))
#10 C:\wamp64\www\teasel\vendor\cakephp\cakephp\src\Routing\Middleware\RoutingMiddleware.php(168): Cake\Http\Runner->run(Object(Cake\Http\MiddlewareQueue), Object(Cake\Http\ServerRequest), Object(Cake\Http\Response))
#11 C:\wamp64\www\teasel\vendor\cakephp\cakephp\src\Http\Runner.php(65): Cake\Routing\Middleware\RoutingMiddleware->__invoke(Object(Cake\Http\ServerRequest), Object(Cake\Http\Response), Object(Cake\Http\Runner))
#12 C:\wamp64\www\teasel\vendor\cakephp\cakephp\src\Routing\Middleware\AssetMiddleware.php(88): Cake\Http\Runner->__invoke(Object(Cake\Http\ServerRequest), Object(Cake\Http\Response))
#13 C:\wamp64\www\teasel\vendor\cakephp\cakephp\src\Http\Runner.php(65): Cake\Routing\Middleware\AssetMiddleware->__invoke(Object(Cake\Http\ServerRequest), Object(Cake\Http\Response), Object(Cake\Http\Runner))
#14 C:\wamp64\www\teasel\vendor\cakephp\cakephp\src\Error\Middleware\ErrorHandlerMiddleware.php(96): Cake\Http\Runner->__invoke(Object(Cake\Http\ServerRequest), Object(Cake\Http\Response))
#15 C:\wamp64\www\teasel\vendor\cakephp\cakephp\src\Http\Runner.php(65): Cake\Error\Middleware\ErrorHandlerMiddleware->__invoke(Object(Cake\Http\ServerRequest), Object(Cake\Http\Response), Object(Cake\Http\Runner))
#16 C:\wamp64\www\teasel\vendor\cakephp\cakephp\src\Http\Runner.php(51): Cake\Http\Runner->__invoke(Object(Cake\Http\ServerRequest), Object(Cake\Http\Response))
#17 C:\wamp64\www\teasel\vendor\cakephp\cakephp\src\Http\Server.php(97): Cake\Http\Runner->run(Object(Cake\Http\MiddlewareQueue), Object(Cake\Http\ServerRequest), Object(Cake\Http\Response))
#18 C:\wamp64\www\teasel\vendor\cakephp\cakephp\src\TestSuite\MiddlewareDispatcher.php(201): Cake\Http\Server->run(Object(Cake\Http\ServerRequest))
#19 C:\wamp64\www\teasel\vendor\cakephp\cakephp\src\TestSuite\IntegrationTestTrait.php(535): Cake\TestSuite\MiddlewareDispatcher->execute(Array)
#20 C:\wamp64\www\teasel\vendor\cakephp\cakephp\src\TestSuite\IntegrationTestTrait.php(415): App\Test\TestCase\Controller\ApisControllerTest->_sendRequest('/api/paypal/pay...', 'GET')
#21 C:\wamp64\www\teasel\tests\TestCase\Controller\ApisControllerTest.php(33): App\Test\TestCase\Controller\ApisControllerTest->get('/api/paypal/pay...')
#22 [internal function]: App\Test\TestCase\Controller\ApisControllerTest->testPaymentByPaypal()
#23 C:\wamp64\www\teasel\vendor\phpunit\phpunit\src\Framework\TestCase.php(1071): ReflectionMethod->invokeArgs(Object(App\Test\TestCase\Controller\ApisControllerTest), Array)
#24 C:\wamp64\www\teasel\vendor\phpunit\phpunit\src\Framework\TestCase.php(939): PHPUnit\Framework\TestCase->runTest()
#25 C:\wamp64\www\teasel\vendor\phpunit\phpunit\src\Framework\TestResult.php(698): PHPUnit\Framework\TestCase->runBare()
#26 C:\wamp64\www\teasel\vendor\phpunit\phpunit\src\Framework\TestCase.php(894): PHPUnit\Framework\TestResult->run(Object(App\Test\TestCase\Controller\ApisControllerTest))
#27 C:\wamp64\www\teasel\vendor\phpunit\phpunit\src\Framework\TestSuite.php(755): PHPUnit\Framework\TestCase->run(Object(PHPUnit\Framework\TestResult))
#28 C:\wamp64\www\teasel\vendor\phpunit\phpunit\src\Framework\TestSuite.php(755): PHPUnit\Framework\TestSuite->run(Object(PHPUnit\Framework\TestResult))
#29 C:\wamp64\www\teasel\vendor\phpunit\phpunit\src\TextUI\TestRunner.php(545): PHPUnit\Framework\TestSuite->run(Object(PHPUnit\Framework\TestResult))
#30 C:\wamp64\www\teasel\vendor\phpunit\phpunit\src\TextUI\Command.php(195): PHPUnit\TextUI\TestRunner->doRun(Object(PHPUnit\Framework\TestSuite), Array, true)
#31 C:\wamp64\www\teasel\vendor\phpunit\phpunit\src\TextUI\Command.php(148): PHPUnit\TextUI\Command->run(Array, true)
#32 C:\wamp64\www\teasel\vendor\phpunit\phpunit\phpunit(53): PHPUnit\TextUI\Command::main()
#33 {main}
Request URL: /api/paypal/payment


2019-10-17 09:48:22 Error: [Cake\Http\Exception\NotFoundException] Not Found (C:\wamp64\www\teasel\src\Controller\PagesController.php:65)
#0 C:\wamp64\www\teasel\vendor\cakephp\cakephp\src\Controller\Controller.php(609): App\Controller\PagesController->display('not_existing')
#1 C:\wamp64\www\teasel\vendor\cakephp\cakephp\src\Http\ActionDispatcher.php(120): Cake\Controller\Controller->invokeAction()
#2 C:\wamp64\www\teasel\vendor\cakephp\cakephp\src\Http\ActionDispatcher.php(94): Cake\Http\ActionDispatcher->_invoke(Object(App\Controller\PagesController))
#3 C:\wamp64\www\teasel\vendor\cakephp\cakephp\src\Http\BaseApplication.php(234): Cake\Http\ActionDispatcher->dispatch(Object(Cake\Http\ServerRequest), Object(Cake\Http\Response))
#4 C:\wamp64\www\teasel\vendor\cakephp\cakephp\src\Http\Runner.php(65): Cake\Http\BaseApplication->__invoke(Object(Cake\Http\ServerRequest), Object(Cake\Http\Response), Object(Cake\Http\Runner))
#5 C:\wamp64\www\teasel\vendor\cakephp\cakephp\src\Http\Runner.php(65): Cake\Http\Runner->__invoke(Object(Cake\Http\ServerRequest), Object(Cake\Http\Response), Object(Cake\Http\Runner))
#6 C:\wamp64\www\teasel\vendor\cakephp\cakephp\src\Http\Middleware\CsrfProtectionMiddleware.php(119): Cake\Http\Runner->__invoke(Object(Cake\Http\ServerRequest), Object(Cake\Http\Response))
#7 C:\wamp64\www\teasel\vendor\cakephp\cakephp\src\Http\Runner.php(65): Cake\Http\Middleware\CsrfProtectionMiddleware->__invoke(Object(Cake\Http\ServerRequest), Object(Cake\Http\Response), Object(Cake\Http\Runner))
#8 C:\wamp64\www\teasel\vendor\cakephp\cakephp\src\Http\Runner.php(51): Cake\Http\Runner->__invoke(Object(Cake\Http\ServerRequest), Object(Cake\Http\Response))
#9 C:\wamp64\www\teasel\vendor\cakephp\cakephp\src\Routing\Middleware\RoutingMiddleware.php(168): Cake\Http\Runner->run(Object(Cake\Http\MiddlewareQueue), Object(Cake\Http\ServerRequest), Object(Cake\Http\Response))
#10 C:\wamp64\www\teasel\vendor\cakephp\cakephp\src\Http\Runner.php(65): Cake\Routing\Middleware\RoutingMiddleware->__invoke(Object(Cake\Http\ServerRequest), Object(Cake\Http\Response), Object(Cake\Http\Runner))
#11 C:\wamp64\www\teasel\vendor\cakephp\cakephp\src\Routing\Middleware\AssetMiddleware.php(88): Cake\Http\Runner->__invoke(Object(Cake\Http\ServerRequest), Object(Cake\Http\Response))
#12 C:\wamp64\www\teasel\vendor\cakephp\cakephp\src\Http\Runner.php(65): Cake\Routing\Middleware\AssetMiddleware->__invoke(Object(Cake\Http\ServerRequest), Object(Cake\Http\Response), Object(Cake\Http\Runner))
#13 C:\wamp64\www\teasel\vendor\cakephp\cakephp\src\Error\Middleware\ErrorHandlerMiddleware.php(96): Cake\Http\Runner->__invoke(Object(Cake\Http\ServerRequest), Object(Cake\Http\Response))
#14 C:\wamp64\www\teasel\vendor\cakephp\cakephp\src\Http\Runner.php(65): Cake\Error\Middleware\ErrorHandlerMiddleware->__invoke(Object(Cake\Http\ServerRequest), Object(Cake\Http\Response), Object(Cake\Http\Runner))
#15 C:\wamp64\www\teasel\vendor\cakephp\cakephp\src\Http\Runner.php(51): Cake\Http\Runner->__invoke(Object(Cake\Http\ServerRequest), Object(Cake\Http\Response))
#16 C:\wamp64\www\teasel\vendor\cakephp\cakephp\src\Http\Server.php(97): Cake\Http\Runner->run(Object(Cake\Http\MiddlewareQueue), Object(Cake\Http\ServerRequest), Object(Cake\Http\Response))
#17 C:\wamp64\www\teasel\vendor\cakephp\cakephp\src\TestSuite\MiddlewareDispatcher.php(201): Cake\Http\Server->run(Object(Cake\Http\ServerRequest))
#18 C:\wamp64\www\teasel\vendor\cakephp\cakephp\src\TestSuite\IntegrationTestTrait.php(535): Cake\TestSuite\MiddlewareDispatcher->execute(Array)
#19 C:\wamp64\www\teasel\vendor\cakephp\cakephp\src\TestSuite\IntegrationTestTrait.php(415): Cake\TestSuite\IntegrationTestCase->_sendRequest('/pages/not_exis...', 'GET')
#20 C:\wamp64\www\teasel\tests\TestCase\Controller\PagesControllerTest.php(65): Cake\TestSuite\IntegrationTestCase->get('/pages/not_exis...')
#21 [internal function]: App\Test\TestCase\Controller\PagesControllerTest->testMissingTemplate()
#22 C:\wamp64\www\teasel\vendor\phpunit\phpunit\src\Framework\TestCase.php(1071): ReflectionMethod->invokeArgs(Object(App\Test\TestCase\Controller\PagesControllerTest), Array)
#23 C:\wamp64\www\teasel\vendor\phpunit\phpunit\src\Framework\TestCase.php(939): PHPUnit\Framework\TestCase->runTest()
#24 C:\wamp64\www\teasel\vendor\phpunit\phpunit\src\Framework\TestResult.php(698): PHPUnit\Framework\TestCase->runBare()
#25 C:\wamp64\www\teasel\vendor\phpunit\phpunit\src\Framework\TestCase.php(894): PHPUnit\Framework\TestResult->run(Object(App\Test\TestCase\Controller\PagesControllerTest))
#26 C:\wamp64\www\teasel\vendor\phpunit\phpunit\src\Framework\TestSuite.php(755): PHPUnit\Framework\TestCase->run(Object(PHPUnit\Framework\TestResult))
#27 C:\wamp64\www\teasel\vendor\phpunit\phpunit\src\Framework\TestSuite.php(755): PHPUnit\Framework\TestSuite->run(Object(PHPUnit\Framework\TestResult))
#28 C:\wamp64\www\teasel\vendor\phpunit\phpunit\src\TextUI\TestRunner.php(545): PHPUnit\Framework\TestSuite->run(Object(PHPUnit\Framework\TestResult))
#29 C:\wamp64\www\teasel\vendor\phpunit\phpunit\src\TextUI\Command.php(195): PHPUnit\TextUI\TestRunner->doRun(Object(PHPUnit\Framework\TestSuite), Array, true)
#30 C:\wamp64\www\teasel\vendor\phpunit\phpunit\src\TextUI\Command.php(148): PHPUnit\TextUI\Command->run(Array, true)
#31 C:\wamp64\www\teasel\vendor\phpunit\phpunit\phpunit(53): PHPUnit\TextUI\Command::main()
#32 {main}
Request URL: /pages/not_existing


2019-10-17 09:48:22 Error: [Cake\View\Exception\MissingTemplateException] Template file "Pages\not_existing.ctp" is missing. (C:\wamp64\www\teasel\vendor\cakephp\cakephp\src\View\View.php:1581)
Exception Attributes: array (
  'file' => 'Pages\\not_existing.ctp',
)
#0 C:\wamp64\www\teasel\vendor\cakephp\cakephp\src\View\View.php(875): Cake\View\View->_getViewFileName('Pages\\not_exist...')
#1 C:\wamp64\www\teasel\vendor\cakephp\cakephp\src\Controller\Controller.php(795): Cake\View\View->render('not_existing', NULL)
#2 C:\wamp64\www\teasel\src\Controller\PagesController.php(60): Cake\Controller\Controller->render('not_existing')
#3 C:\wamp64\www\teasel\vendor\cakephp\cakephp\src\Controller\Controller.php(609): App\Controller\PagesController->display('not_existing')
#4 C:\wamp64\www\teasel\vendor\cakephp\cakephp\src\Http\ActionDispatcher.php(120): Cake\Controller\Controller->invokeAction()
#5 C:\wamp64\www\teasel\vendor\cakephp\cakephp\src\Http\ActionDispatcher.php(94): Cake\Http\ActionDispatcher->_invoke(Object(App\Controller\PagesController))
#6 C:\wamp64\www\teasel\vendor\cakephp\cakephp\src\Http\BaseApplication.php(234): Cake\Http\ActionDispatcher->dispatch(Object(Cake\Http\ServerRequest), Object(Cake\Http\Response))
#7 C:\wamp64\www\teasel\vendor\cakephp\cakephp\src\Http\Runner.php(65): Cake\Http\BaseApplication->__invoke(Object(Cake\Http\ServerRequest), Object(Cake\Http\Response), Object(Cake\Http\Runner))
#8 C:\wamp64\www\teasel\vendor\cakephp\cakephp\src\Http\Runner.php(65): Cake\Http\Runner->__invoke(Object(Cake\Http\ServerRequest), Object(Cake\Http\Response), Object(Cake\Http\Runner))
#9 C:\wamp64\www\teasel\vendor\cakephp\cakephp\src\Http\Middleware\CsrfProtectionMiddleware.php(119): Cake\Http\Runner->__invoke(Object(Cake\Http\ServerRequest), Object(Cake\Http\Response))
#10 C:\wamp64\www\teasel\vendor\cakephp\cakephp\src\Http\Runner.php(65): Cake\Http\Middleware\CsrfProtectionMiddleware->__invoke(Object(Cake\Http\ServerRequest), Object(Cake\Http\Response), Object(Cake\Http\Runner))
#11 C:\wamp64\www\teasel\vendor\cakephp\cakephp\src\Http\Runner.php(51): Cake\Http\Runner->__invoke(Object(Cake\Http\ServerRequest), Object(Cake\Http\Response))
#12 C:\wamp64\www\teasel\vendor\cakephp\cakephp\src\Routing\Middleware\RoutingMiddleware.php(168): Cake\Http\Runner->run(Object(Cake\Http\MiddlewareQueue), Object(Cake\Http\ServerRequest), Object(Cake\Http\Response))
#13 C:\wamp64\www\teasel\vendor\cakephp\cakephp\src\Http\Runner.php(65): Cake\Routing\Middleware\RoutingMiddleware->__invoke(Object(Cake\Http\ServerRequest), Object(Cake\Http\Response), Object(Cake\Http\Runner))
#14 C:\wamp64\www\teasel\vendor\cakephp\cakephp\src\Routing\Middleware\AssetMiddleware.php(88): Cake\Http\Runner->__invoke(Object(Cake\Http\ServerRequest), Object(Cake\Http\Response))
#15 C:\wamp64\www\teasel\vendor\cakephp\cakephp\src\Http\Runner.php(65): Cake\Routing\Middleware\AssetMiddleware->__invoke(Object(Cake\Http\ServerRequest), Object(Cake\Http\Response), Object(Cake\Http\Runner))
#16 C:\wamp64\www\teasel\vendor\cakephp\cakephp\src\Error\Middleware\ErrorHandlerMiddleware.php(96): Cake\Http\Runner->__invoke(Object(Cake\Http\ServerRequest), Object(Cake\Http\Response))
#17 C:\wamp64\www\teasel\vendor\cakephp\cakephp\src\Http\Runner.php(65): Cake\Error\Middleware\ErrorHandlerMiddleware->__invoke(Object(Cake\Http\ServerRequest), Object(Cake\Http\Response), Object(Cake\Http\Runner))
#18 C:\wamp64\www\teasel\vendor\cakephp\cakephp\src\Http\Runner.php(51): Cake\Http\Runner->__invoke(Object(Cake\Http\ServerRequest), Object(Cake\Http\Response))
#19 C:\wamp64\www\teasel\vendor\cakephp\cakephp\src\Http\Server.php(97): Cake\Http\Runner->run(Object(Cake\Http\MiddlewareQueue), Object(Cake\Http\ServerRequest), Object(Cake\Http\Response))
#20 C:\wamp64\www\teasel\vendor\cakephp\cakephp\src\TestSuite\MiddlewareDispatcher.php(201): Cake\Http\Server->run(Object(Cake\Http\ServerRequest))
#21 C:\wamp64\www\teasel\vendor\cakephp\cakephp\src\TestSuite\IntegrationTestTrait.php(535): Cake\TestSuite\MiddlewareDispatcher->execute(Array)
#22 C:\wamp64\www\teasel\vendor\cakephp\cakephp\src\TestSuite\IntegrationTestTrait.php(415): Cake\TestSuite\IntegrationTestCase->_sendRequest('/pages/not_exis...', 'GET')
#23 C:\wamp64\www\teasel\tests\TestCase\Controller\PagesControllerTest.php(79): Cake\TestSuite\IntegrationTestCase->get('/pages/not_exis...')
#24 [internal function]: App\Test\TestCase\Controller\PagesControllerTest->testMissingTemplateInDebug()
#25 C:\wamp64\www\teasel\vendor\phpunit\phpunit\src\Framework\TestCase.php(1071): ReflectionMethod->invokeArgs(Object(App\Test\TestCase\Controller\PagesControllerTest), Array)
#26 C:\wamp64\www\teasel\vendor\phpunit\phpunit\src\Framework\TestCase.php(939): PHPUnit\Framework\TestCase->runTest()
#27 C:\wamp64\www\teasel\vendor\phpunit\phpunit\src\Framework\TestResult.php(698): PHPUnit\Framework\TestCase->runBare()
#28 C:\wamp64\www\teasel\vendor\phpunit\phpunit\src\Framework\TestCase.php(894): PHPUnit\Framework\TestResult->run(Object(App\Test\TestCase\Controller\PagesControllerTest))
#29 C:\wamp64\www\teasel\vendor\phpunit\phpunit\src\Framework\TestSuite.php(755): PHPUnit\Framework\TestCase->run(Object(PHPUnit\Framework\TestResult))
#30 C:\wamp64\www\teasel\vendor\phpunit\phpunit\src\Framework\TestSuite.php(755): PHPUnit\Framework\TestSuite->run(Object(PHPUnit\Framework\TestResult))
#31 C:\wamp64\www\teasel\vendor\phpunit\phpunit\src\TextUI\TestRunner.php(545): PHPUnit\Framework\TestSuite->run(Object(PHPUnit\Framework\TestResult))
#32 C:\wamp64\www\teasel\vendor\phpunit\phpunit\src\TextUI\Command.php(195): PHPUnit\TextUI\TestRunner->doRun(Object(PHPUnit\Framework\TestSuite), Array, true)
#33 C:\wamp64\www\teasel\vendor\phpunit\phpunit\src\TextUI\Command.php(148): PHPUnit\TextUI\Command->run(Array, true)
#34 C:\wamp64\www\teasel\vendor\phpunit\phpunit\phpunit(53): PHPUnit\TextUI\Command::main()
#35 {main}
Request URL: /pages/not_existing


2019-10-17 09:48:22 Error: [Cake\Http\Exception\ForbiddenException] Forbidden (C:\wamp64\www\teasel\src\Controller\PagesController.php:47)
#0 C:\wamp64\www\teasel\vendor\cakephp\cakephp\src\Controller\Controller.php(609): App\Controller\PagesController->display('..', 'Layout', 'ajax')
#1 C:\wamp64\www\teasel\vendor\cakephp\cakephp\src\Http\ActionDispatcher.php(120): Cake\Controller\Controller->invokeAction()
#2 C:\wamp64\www\teasel\vendor\cakephp\cakephp\src\Http\ActionDispatcher.php(94): Cake\Http\ActionDispatcher->_invoke(Object(App\Controller\PagesController))
#3 C:\wamp64\www\teasel\vendor\cakephp\cakephp\src\Http\BaseApplication.php(234): Cake\Http\ActionDispatcher->dispatch(Object(Cake\Http\ServerRequest), Object(Cake\Http\Response))
#4 C:\wamp64\www\teasel\vendor\cakephp\cakephp\src\Http\Runner.php(65): Cake\Http\BaseApplication->__invoke(Object(Cake\Http\ServerRequest), Object(Cake\Http\Response), Object(Cake\Http\Runner))
#5 C:\wamp64\www\teasel\vendor\cakephp\cakephp\src\Http\Runner.php(65): Cake\Http\Runner->__invoke(Object(Cake\Http\ServerRequest), Object(Cake\Http\Response), Object(Cake\Http\Runner))
#6 C:\wamp64\www\teasel\vendor\cakephp\cakephp\src\Http\Middleware\CsrfProtectionMiddleware.php(119): Cake\Http\Runner->__invoke(Object(Cake\Http\ServerRequest), Object(Cake\Http\Response))
#7 C:\wamp64\www\teasel\vendor\cakephp\cakephp\src\Http\Runner.php(65): Cake\Http\Middleware\CsrfProtectionMiddleware->__invoke(Object(Cake\Http\ServerRequest), Object(Cake\Http\Response), Object(Cake\Http\Runner))
#8 C:\wamp64\www\teasel\vendor\cakephp\cakephp\src\Http\Runner.php(51): Cake\Http\Runner->__invoke(Object(Cake\Http\ServerRequest), Object(Cake\Http\Response))
#9 C:\wamp64\www\teasel\vendor\cakephp\cakephp\src\Routing\Middleware\RoutingMiddleware.php(168): Cake\Http\Runner->run(Object(Cake\Http\MiddlewareQueue), Object(Cake\Http\ServerRequest), Object(Cake\Http\Response))
#10 C:\wamp64\www\teasel\vendor\cakephp\cakephp\src\Http\Runner.php(65): Cake\Routing\Middleware\RoutingMiddleware->__invoke(Object(Cake\Http\ServerRequest), Object(Cake\Http\Response), Object(Cake\Http\Runner))
#11 C:\wamp64\www\teasel\vendor\cakephp\cakephp\src\Routing\Middleware\AssetMiddleware.php(88): Cake\Http\Runner->__invoke(Object(Cake\Http\ServerRequest), Object(Cake\Http\Response))
#12 C:\wamp64\www\teasel\vendor\cakephp\cakephp\src\Http\Runner.php(65): Cake\Routing\Middleware\AssetMiddleware->__invoke(Object(Cake\Http\ServerRequest), Object(Cake\Http\Response), Object(Cake\Http\Runner))
#13 C:\wamp64\www\teasel\vendor\cakephp\cakephp\src\Error\Middleware\ErrorHandlerMiddleware.php(96): Cake\Http\Runner->__invoke(Object(Cake\Http\ServerRequest), Object(Cake\Http\Response))
#14 C:\wamp64\www\teasel\vendor\cakephp\cakephp\src\Http\Runner.php(65): Cake\Error\Middleware\ErrorHandlerMiddleware->__invoke(Object(Cake\Http\ServerRequest), Object(Cake\Http\Response), Object(Cake\Http\Runner))
#15 C:\wamp64\www\teasel\vendor\cakephp\cakephp\src\Http\Runner.php(51): Cake\Http\Runner->__invoke(Object(Cake\Http\ServerRequest), Object(Cake\Http\Response))
#16 C:\wamp64\www\teasel\vendor\cakephp\cakephp\src\Http\Server.php(97): Cake\Http\Runner->run(Object(Cake\Http\MiddlewareQueue), Object(Cake\Http\ServerRequest), Object(Cake\Http\Response))
#17 C:\wamp64\www\teasel\vendor\cakephp\cakephp\src\TestSuite\MiddlewareDispatcher.php(201): Cake\Http\Server->run(Object(Cake\Http\ServerRequest))
#18 C:\wamp64\www\teasel\vendor\cakephp\cakephp\src\TestSuite\IntegrationTestTrait.php(535): Cake\TestSuite\MiddlewareDispatcher->execute(Array)
#19 C:\wamp64\www\teasel\vendor\cakephp\cakephp\src\TestSuite\IntegrationTestTrait.php(415): Cake\TestSuite\IntegrationTestCase->_sendRequest('/pages/../Layou...', 'GET')
#20 C:\wamp64\www\teasel\tests\TestCase\Controller\PagesControllerTest.php(94): Cake\TestSuite\IntegrationTestCase->get('/pages/../Layou...')
#21 [internal function]: App\Test\TestCase\Controller\PagesControllerTest->testDirectoryTraversalProtection()
#22 C:\wamp64\www\teasel\vendor\phpunit\phpunit\src\Framework\TestCase.php(1071): ReflectionMethod->invokeArgs(Object(App\Test\TestCase\Controller\PagesControllerTest), Array)
#23 C:\wamp64\www\teasel\vendor\phpunit\phpunit\src\Framework\TestCase.php(939): PHPUnit\Framework\TestCase->runTest()
#24 C:\wamp64\www\teasel\vendor\phpunit\phpunit\src\Framework\TestResult.php(698): PHPUnit\Framework\TestCase->runBare()
#25 C:\wamp64\www\teasel\vendor\phpunit\phpunit\src\Framework\TestCase.php(894): PHPUnit\Framework\TestResult->run(Object(App\Test\TestCase\Controller\PagesControllerTest))
#26 C:\wamp64\www\teasel\vendor\phpunit\phpunit\src\Framework\TestSuite.php(755): PHPUnit\Framework\TestCase->run(Object(PHPUnit\Framework\TestResult))
#27 C:\wamp64\www\teasel\vendor\phpunit\phpunit\src\Framework\TestSuite.php(755): PHPUnit\Framework\TestSuite->run(Object(PHPUnit\Framework\TestResult))
#28 C:\wamp64\www\teasel\vendor\phpunit\phpunit\src\TextUI\TestRunner.php(545): PHPUnit\Framework\TestSuite->run(Object(PHPUnit\Framework\TestResult))
#29 C:\wamp64\www\teasel\vendor\phpunit\phpunit\src\TextUI\Command.php(195): PHPUnit\TextUI\TestRunner->doRun(Object(PHPUnit\Framework\TestSuite), Array, true)
#30 C:\wamp64\www\teasel\vendor\phpunit\phpunit\src\TextUI\Command.php(148): PHPUnit\TextUI\Command->run(Array, true)
#31 C:\wamp64\www\teasel\vendor\phpunit\phpunit\phpunit(53): PHPUnit\TextUI\Command::main()
#32 {main}
Request URL: /pages/../Layout/ajax


2019-10-17 09:48:22 Error: [Cake\Http\Exception\InvalidCsrfTokenException] Missing CSRF token cookie (C:\wamp64\www\teasel\vendor\cakephp\cakephp\src\Http\Middleware\CsrfProtectionMiddleware.php:227)
#0 C:\wamp64\www\teasel\vendor\cakephp\cakephp\src\Http\Middleware\CsrfProtectionMiddleware.php(151): Cake\Http\Middleware\CsrfProtectionMiddleware->_validateToken(Object(Cake\Http\ServerRequest))
#1 C:\wamp64\www\teasel\vendor\cakephp\cakephp\src\Http\Middleware\CsrfProtectionMiddleware.php(121): Cake\Http\Middleware\CsrfProtectionMiddleware->_validateAndUnsetTokenField(Object(Cake\Http\ServerRequest))
#2 C:\wamp64\www\teasel\vendor\cakephp\cakephp\src\Http\Runner.php(65): Cake\Http\Middleware\CsrfProtectionMiddleware->__invoke(Object(Cake\Http\ServerRequest), Object(Cake\Http\Response), Object(Cake\Http\Runner))
#3 C:\wamp64\www\teasel\vendor\cakephp\cakephp\src\Http\Runner.php(51): Cake\Http\Runner->__invoke(Object(Cake\Http\ServerRequest), Object(Cake\Http\Response))
#4 C:\wamp64\www\teasel\vendor\cakephp\cakephp\src\Routing\Middleware\RoutingMiddleware.php(168): Cake\Http\Runner->run(Object(Cake\Http\MiddlewareQueue), Object(Cake\Http\ServerRequest), Object(Cake\Http\Response))
#5 C:\wamp64\www\teasel\vendor\cakephp\cakephp\src\Http\Runner.php(65): Cake\Routing\Middleware\RoutingMiddleware->__invoke(Object(Cake\Http\ServerRequest), Object(Cake\Http\Response), Object(Cake\Http\Runner))
#6 C:\wamp64\www\teasel\vendor\cakephp\cakephp\src\Routing\Middleware\AssetMiddleware.php(88): Cake\Http\Runner->__invoke(Object(Cake\Http\ServerRequest), Object(Cake\Http\Response))
#7 C:\wamp64\www\teasel\vendor\cakephp\cakephp\src\Http\Runner.php(65): Cake\Routing\Middleware\AssetMiddleware->__invoke(Object(Cake\Http\ServerRequest), Object(Cake\Http\Response), Object(Cake\Http\Runner))
#8 C:\wamp64\www\teasel\vendor\cakephp\cakephp\src\Error\Middleware\ErrorHandlerMiddleware.php(96): Cake\Http\Runner->__invoke(Object(Cake\Http\ServerRequest), Object(Cake\Http\Response))
#9 C:\wamp64\www\teasel\vendor\cakephp\cakephp\src\Http\Runner.php(65): Cake\Error\Middleware\ErrorHandlerMiddleware->__invoke(Object(Cake\Http\ServerRequest), Object(Cake\Http\Response), Object(Cake\Http\Runner))
#10 C:\wamp64\www\teasel\vendor\cakephp\cakephp\src\Http\Runner.php(51): Cake\Http\Runner->__invoke(Object(Cake\Http\ServerRequest), Object(Cake\Http\Response))
#11 C:\wamp64\www\teasel\vendor\cakephp\cakephp\src\Http\Server.php(97): Cake\Http\Runner->run(Object(Cake\Http\MiddlewareQueue), Object(Cake\Http\ServerRequest), Object(Cake\Http\Response))
#12 C:\wamp64\www\teasel\vendor\cakephp\cakephp\src\TestSuite\MiddlewareDispatcher.php(201): Cake\Http\Server->run(Object(Cake\Http\ServerRequest))
#13 C:\wamp64\www\teasel\vendor\cakephp\cakephp\src\TestSuite\IntegrationTestTrait.php(535): Cake\TestSuite\MiddlewareDispatcher->execute(Array)
#14 C:\wamp64\www\teasel\vendor\cakephp\cakephp\src\TestSuite\IntegrationTestTrait.php(432): Cake\TestSuite\IntegrationTestCase->_sendRequest('/pages/home', 'POST', Array)
#15 C:\wamp64\www\teasel\tests\TestCase\Controller\PagesControllerTest.php(106): Cake\TestSuite\IntegrationTestCase->post('/pages/home', Array)
#16 [internal function]: App\Test\TestCase\Controller\PagesControllerTest->testCsrfAppliedError()
#17 C:\wamp64\www\teasel\vendor\phpunit\phpunit\src\Framework\TestCase.php(1071): ReflectionMethod->invokeArgs(Object(App\Test\TestCase\Controller\PagesControllerTest), Array)
#18 C:\wamp64\www\teasel\vendor\phpunit\phpunit\src\Framework\TestCase.php(939): PHPUnit\Framework\TestCase->runTest()
#19 C:\wamp64\www\teasel\vendor\phpunit\phpunit\src\Framework\TestResult.php(698): PHPUnit\Framework\TestCase->runBare()
#20 C:\wamp64\www\teasel\vendor\phpunit\phpunit\src\Framework\TestCase.php(894): PHPUnit\Framework\TestResult->run(Object(App\Test\TestCase\Controller\PagesControllerTest))
#21 C:\wamp64\www\teasel\vendor\phpunit\phpunit\src\Framework\TestSuite.php(755): PHPUnit\Framework\TestCase->run(Object(PHPUnit\Framework\TestResult))
#22 C:\wamp64\www\teasel\vendor\phpunit\phpunit\src\Framework\TestSuite.php(755): PHPUnit\Framework\TestSuite->run(Object(PHPUnit\Framework\TestResult))
#23 C:\wamp64\www\teasel\vendor\phpunit\phpunit\src\TextUI\TestRunner.php(545): PHPUnit\Framework\TestSuite->run(Object(PHPUnit\Framework\TestResult))
#24 C:\wamp64\www\teasel\vendor\phpunit\phpunit\src\TextUI\Command.php(195): PHPUnit\TextUI\TestRunner->doRun(Object(PHPUnit\Framework\TestSuite), Array, true)
#25 C:\wamp64\www\teasel\vendor\phpunit\phpunit\src\TextUI\Command.php(148): PHPUnit\TextUI\Command->run(Array, true)
#26 C:\wamp64\www\teasel\vendor\phpunit\phpunit\phpunit(53): PHPUnit\TextUI\Command::main()
#27 {main}
Request URL: /pages/home


2019-10-17 09:48:47 Error: [Cake\View\Exception\MissingTemplateException] Template file "Apis\test.ctp" is missing. (C:\wamp64\www\teasel\vendor\cakephp\cakephp\src\View\View.php:1581)
#0 C:\wamp64\www\teasel\vendor\cakephp\cakephp\src\View\View.php(875): Cake\View\View->_getViewFileName('Apis\\test')
#1 C:\wamp64\www\teasel\vendor\cakephp\cakephp\src\Controller\Controller.php(795): Cake\View\View->render(NULL, NULL)
#2 C:\wamp64\www\teasel\vendor\cakephp\cakephp\src\Http\ActionDispatcher.php(126): Cake\Controller\Controller->render()
#3 C:\wamp64\www\teasel\vendor\cakephp\cakephp\src\Http\ActionDispatcher.php(94): Cake\Http\ActionDispatcher->_invoke(Object(App\Controller\ApisController))
#4 C:\wamp64\www\teasel\vendor\cakephp\cakephp\src\Http\BaseApplication.php(234): Cake\Http\ActionDispatcher->dispatch(Object(Cake\Http\ServerRequest), Object(Cake\Http\Response))
#5 C:\wamp64\www\teasel\vendor\cakephp\cakephp\src\Http\Runner.php(65): Cake\Http\BaseApplication->__invoke(Object(Cake\Http\ServerRequest), Object(Cake\Http\Response), Object(Cake\Http\Runner))
#6 C:\wamp64\www\teasel\vendor\cakephp\cakephp\src\Http\Runner.php(65): Cake\Http\Runner->__invoke(Object(Cake\Http\ServerRequest), Object(Cake\Http\Response), Object(Cake\Http\Runner))
#7 C:\wamp64\www\teasel\vendor\cakephp\cakephp\src\Http\Middleware\CsrfProtectionMiddleware.php(119): Cake\Http\Runner->__invoke(Object(Cake\Http\ServerRequest), Object(Cake\Http\Response))
#8 C:\wamp64\www\teasel\vendor\cakephp\cakephp\src\Http\Runner.php(65): Cake\Http\Middleware\CsrfProtectionMiddleware->__invoke(Object(Cake\Http\ServerRequest), Object(Cake\Http\Response), Object(Cake\Http\Runner))
#9 C:\wamp64\www\teasel\vendor\cakephp\cakephp\src\Http\Runner.php(51): Cake\Http\Runner->__invoke(Object(Cake\Http\ServerRequest), Object(Cake\Http\Response))
#10 C:\wamp64\www\teasel\vendor\cakephp\cakephp\src\Routing\Middleware\RoutingMiddleware.php(168): Cake\Http\Runner->run(Object(Cake\Http\MiddlewareQueue), Object(Cake\Http\ServerRequest), Object(Cake\Http\Response))
#11 C:\wamp64\www\teasel\vendor\cakephp\cakephp\src\Http\Runner.php(65): Cake\Routing\Middleware\RoutingMiddleware->__invoke(Object(Cake\Http\ServerRequest), Object(Cake\Http\Response), Object(Cake\Http\Runner))
#12 C:\wamp64\www\teasel\vendor\cakephp\cakephp\src\Routing\Middleware\AssetMiddleware.php(88): Cake\Http\Runner->__invoke(Object(Cake\Http\ServerRequest), Object(Cake\Http\Response))
#13 C:\wamp64\www\teasel\vendor\cakephp\cakephp\src\Http\Runner.php(65): Cake\Routing\Middleware\AssetMiddleware->__invoke(Object(Cake\Http\ServerRequest), Object(Cake\Http\Response), Object(Cake\Http\Runner))
#14 C:\wamp64\www\teasel\vendor\cakephp\cakephp\src\Error\Middleware\ErrorHandlerMiddleware.php(96): Cake\Http\Runner->__invoke(Object(Cake\Http\ServerRequest), Object(Cake\Http\Response))
#15 C:\wamp64\www\teasel\vendor\cakephp\cakephp\src\Http\Runner.php(65): Cake\Error\Middleware\ErrorHandlerMiddleware->__invoke(Object(Cake\Http\ServerRequest), Object(Cake\Http\Response), Object(Cake\Http\Runner))
#16 C:\wamp64\www\teasel\vendor\cakephp\cakephp\src\Http\Runner.php(51): Cake\Http\Runner->__invoke(Object(Cake\Http\ServerRequest), Object(Cake\Http\Response))
#17 C:\wamp64\www\teasel\vendor\cakephp\cakephp\src\Http\Server.php(97): Cake\Http\Runner->run(Object(Cake\Http\MiddlewareQueue), Object(Cake\Http\ServerRequest), Object(Cake\Http\Response))
#18 C:\wamp64\www\teasel\vendor\cakephp\cakephp\src\TestSuite\MiddlewareDispatcher.php(201): Cake\Http\Server->run(Object(Cake\Http\ServerRequest))
#19 C:\wamp64\www\teasel\vendor\cakephp\cakephp\src\TestSuite\IntegrationTestTrait.php(535): Cake\TestSuite\MiddlewareDispatcher->execute(Array)
#20 C:\wamp64\www\teasel\vendor\cakephp\cakephp\src\TestSuite\IntegrationTestTrait.php(415): App\Test\TestCase\Controller\ApisControllerTest->_sendRequest('/api/paypal/pay...', 'GET')
#21 C:\wamp64\www\teasel\tests\TestCase\Controller\ApisControllerTest.php(33): App\Test\TestCase\Controller\ApisControllerTest->get('/api/paypal/pay...')
#22 [internal function]: App\Test\TestCase\Controller\ApisControllerTest->testPaymentByPaypal()
#23 C:\wamp64\www\teasel\vendor\phpunit\phpunit\src\Framework\TestCase.php(1071): ReflectionMethod->invokeArgs(Object(App\Test\TestCase\Controller\ApisControllerTest), Array)
#24 C:\wamp64\www\teasel\vendor\phpunit\phpunit\src\Framework\TestCase.php(939): PHPUnit\Framework\TestCase->runTest()
#25 C:\wamp64\www\teasel\vendor\phpunit\phpunit\src\Framework\TestResult.php(698): PHPUnit\Framework\TestCase->runBare()
#26 C:\wamp64\www\teasel\vendor\phpunit\phpunit\src\Framework\TestCase.php(894): PHPUnit\Framework\TestResult->run(Object(App\Test\TestCase\Controller\ApisControllerTest))
#27 C:\wamp64\www\teasel\vendor\phpunit\phpunit\src\Framework\TestSuite.php(755): PHPUnit\Framework\TestCase->run(Object(PHPUnit\Framework\TestResult))
#28 C:\wamp64\www\teasel\vendor\phpunit\phpunit\src\Framework\TestSuite.php(755): PHPUnit\Framework\TestSuite->run(Object(PHPUnit\Framework\TestResult))
#29 C:\wamp64\www\teasel\vendor\phpunit\phpunit\src\TextUI\TestRunner.php(545): PHPUnit\Framework\TestSuite->run(Object(PHPUnit\Framework\TestResult))
#30 C:\wamp64\www\teasel\vendor\phpunit\phpunit\src\TextUI\Command.php(195): PHPUnit\TextUI\TestRunner->doRun(Object(PHPUnit\Framework\TestSuite), Array, true)
#31 C:\wamp64\www\teasel\vendor\phpunit\phpunit\src\TextUI\Command.php(148): PHPUnit\TextUI\Command->run(Array, true)
#32 C:\wamp64\www\teasel\vendor\phpunit\phpunit\phpunit(53): PHPUnit\TextUI\Command::main()
#33 {main}
Request URL: /api/paypal/payment


2019-10-17 09:48:47 Error: [Cake\Http\Exception\NotFoundException] Not Found (C:\wamp64\www\teasel\src\Controller\PagesController.php:65)
#0 C:\wamp64\www\teasel\vendor\cakephp\cakephp\src\Controller\Controller.php(609): App\Controller\PagesController->display('not_existing')
#1 C:\wamp64\www\teasel\vendor\cakephp\cakephp\src\Http\ActionDispatcher.php(120): Cake\Controller\Controller->invokeAction()
#2 C:\wamp64\www\teasel\vendor\cakephp\cakephp\src\Http\ActionDispatcher.php(94): Cake\Http\ActionDispatcher->_invoke(Object(App\Controller\PagesController))
#3 C:\wamp64\www\teasel\vendor\cakephp\cakephp\src\Http\BaseApplication.php(234): Cake\Http\ActionDispatcher->dispatch(Object(Cake\Http\ServerRequest), Object(Cake\Http\Response))
#4 C:\wamp64\www\teasel\vendor\cakephp\cakephp\src\Http\Runner.php(65): Cake\Http\BaseApplication->__invoke(Object(Cake\Http\ServerRequest), Object(Cake\Http\Response), Object(Cake\Http\Runner))
#5 C:\wamp64\www\teasel\vendor\cakephp\cakephp\src\Http\Runner.php(65): Cake\Http\Runner->__invoke(Object(Cake\Http\ServerRequest), Object(Cake\Http\Response), Object(Cake\Http\Runner))
#6 C:\wamp64\www\teasel\vendor\cakephp\cakephp\src\Http\Middleware\CsrfProtectionMiddleware.php(119): Cake\Http\Runner->__invoke(Object(Cake\Http\ServerRequest), Object(Cake\Http\Response))
#7 C:\wamp64\www\teasel\vendor\cakephp\cakephp\src\Http\Runner.php(65): Cake\Http\Middleware\CsrfProtectionMiddleware->__invoke(Object(Cake\Http\ServerRequest), Object(Cake\Http\Response), Object(Cake\Http\Runner))
#8 C:\wamp64\www\teasel\vendor\cakephp\cakephp\src\Http\Runner.php(51): Cake\Http\Runner->__invoke(Object(Cake\Http\ServerRequest), Object(Cake\Http\Response))
#9 C:\wamp64\www\teasel\vendor\cakephp\cakephp\src\Routing\Middleware\RoutingMiddleware.php(168): Cake\Http\Runner->run(Object(Cake\Http\MiddlewareQueue), Object(Cake\Http\ServerRequest), Object(Cake\Http\Response))
#10 C:\wamp64\www\teasel\vendor\cakephp\cakephp\src\Http\Runner.php(65): Cake\Routing\Middleware\RoutingMiddleware->__invoke(Object(Cake\Http\ServerRequest), Object(Cake\Http\Response), Object(Cake\Http\Runner))
#11 C:\wamp64\www\teasel\vendor\cakephp\cakephp\src\Routing\Middleware\AssetMiddleware.php(88): Cake\Http\Runner->__invoke(Object(Cake\Http\ServerRequest), Object(Cake\Http\Response))
#12 C:\wamp64\www\teasel\vendor\cakephp\cakephp\src\Http\Runner.php(65): Cake\Routing\Middleware\AssetMiddleware->__invoke(Object(Cake\Http\ServerRequest), Object(Cake\Http\Response), Object(Cake\Http\Runner))
#13 C:\wamp64\www\teasel\vendor\cakephp\cakephp\src\Error\Middleware\ErrorHandlerMiddleware.php(96): Cake\Http\Runner->__invoke(Object(Cake\Http\ServerRequest), Object(Cake\Http\Response))
#14 C:\wamp64\www\teasel\vendor\cakephp\cakephp\src\Http\Runner.php(65): Cake\Error\Middleware\ErrorHandlerMiddleware->__invoke(Object(Cake\Http\ServerRequest), Object(Cake\Http\Response), Object(Cake\Http\Runner))
#15 C:\wamp64\www\teasel\vendor\cakephp\cakephp\src\Http\Runner.php(51): Cake\Http\Runner->__invoke(Object(Cake\Http\ServerRequest), Object(Cake\Http\Response))
#16 C:\wamp64\www\teasel\vendor\cakephp\cakephp\src\Http\Server.php(97): Cake\Http\Runner->run(Object(Cake\Http\MiddlewareQueue), Object(Cake\Http\ServerRequest), Object(Cake\Http\Response))
#17 C:\wamp64\www\teasel\vendor\cakephp\cakephp\src\TestSuite\MiddlewareDispatcher.php(201): Cake\Http\Server->run(Object(Cake\Http\ServerRequest))
#18 C:\wamp64\www\teasel\vendor\cakephp\cakephp\src\TestSuite\IntegrationTestTrait.php(535): Cake\TestSuite\MiddlewareDispatcher->execute(Array)
#19 C:\wamp64\www\teasel\vendor\cakephp\cakephp\src\TestSuite\IntegrationTestTrait.php(415): Cake\TestSuite\IntegrationTestCase->_sendRequest('/pages/not_exis...', 'GET')
#20 C:\wamp64\www\teasel\tests\TestCase\Controller\PagesControllerTest.php(65): Cake\TestSuite\IntegrationTestCase->get('/pages/not_exis...')
#21 [internal function]: App\Test\TestCase\Controller\PagesControllerTest->testMissingTemplate()
#22 C:\wamp64\www\teasel\vendor\phpunit\phpunit\src\Framework\TestCase.php(1071): ReflectionMethod->invokeArgs(Object(App\Test\TestCase\Controller\PagesControllerTest), Array)
#23 C:\wamp64\www\teasel\vendor\phpunit\phpunit\src\Framework\TestCase.php(939): PHPUnit\Framework\TestCase->runTest()
#24 C:\wamp64\www\teasel\vendor\phpunit\phpunit\src\Framework\TestResult.php(698): PHPUnit\Framework\TestCase->runBare()
#25 C:\wamp64\www\teasel\vendor\phpunit\phpunit\src\Framework\TestCase.php(894): PHPUnit\Framework\TestResult->run(Object(App\Test\TestCase\Controller\PagesControllerTest))
#26 C:\wamp64\www\teasel\vendor\phpunit\phpunit\src\Framework\TestSuite.php(755): PHPUnit\Framework\TestCase->run(Object(PHPUnit\Framework\TestResult))
#27 C:\wamp64\www\teasel\vendor\phpunit\phpunit\src\Framework\TestSuite.php(755): PHPUnit\Framework\TestSuite->run(Object(PHPUnit\Framework\TestResult))
#28 C:\wamp64\www\teasel\vendor\phpunit\phpunit\src\TextUI\TestRunner.php(545): PHPUnit\Framework\TestSuite->run(Object(PHPUnit\Framework\TestResult))
#29 C:\wamp64\www\teasel\vendor\phpunit\phpunit\src\TextUI\Command.php(195): PHPUnit\TextUI\TestRunner->doRun(Object(PHPUnit\Framework\TestSuite), Array, true)
#30 C:\wamp64\www\teasel\vendor\phpunit\phpunit\src\TextUI\Command.php(148): PHPUnit\TextUI\Command->run(Array, true)
#31 C:\wamp64\www\teasel\vendor\phpunit\phpunit\phpunit(53): PHPUnit\TextUI\Command::main()
#32 {main}
Request URL: /pages/not_existing


2019-10-17 09:48:47 Error: [Cake\View\Exception\MissingTemplateException] Template file "Pages\not_existing.ctp" is missing. (C:\wamp64\www\teasel\vendor\cakephp\cakephp\src\View\View.php:1581)
Exception Attributes: array (
  'file' => 'Pages\\not_existing.ctp',
)
#0 C:\wamp64\www\teasel\vendor\cakephp\cakephp\src\View\View.php(875): Cake\View\View->_getViewFileName('Pages\\not_exist...')
#1 C:\wamp64\www\teasel\vendor\cakephp\cakephp\src\Controller\Controller.php(795): Cake\View\View->render('not_existing', NULL)
#2 C:\wamp64\www\teasel\src\Controller\PagesController.php(60): Cake\Controller\Controller->render('not_existing')
#3 C:\wamp64\www\teasel\vendor\cakephp\cakephp\src\Controller\Controller.php(609): App\Controller\PagesController->display('not_existing')
#4 C:\wamp64\www\teasel\vendor\cakephp\cakephp\src\Http\ActionDispatcher.php(120): Cake\Controller\Controller->invokeAction()
#5 C:\wamp64\www\teasel\vendor\cakephp\cakephp\src\Http\ActionDispatcher.php(94): Cake\Http\ActionDispatcher->_invoke(Object(App\Controller\PagesController))
#6 C:\wamp64\www\teasel\vendor\cakephp\cakephp\src\Http\BaseApplication.php(234): Cake\Http\ActionDispatcher->dispatch(Object(Cake\Http\ServerRequest), Object(Cake\Http\Response))
#7 C:\wamp64\www\teasel\vendor\cakephp\cakephp\src\Http\Runner.php(65): Cake\Http\BaseApplication->__invoke(Object(Cake\Http\ServerRequest), Object(Cake\Http\Response), Object(Cake\Http\Runner))
#8 C:\wamp64\www\teasel\vendor\cakephp\cakephp\src\Http\Runner.php(65): Cake\Http\Runner->__invoke(Object(Cake\Http\ServerRequest), Object(Cake\Http\Response), Object(Cake\Http\Runner))
#9 C:\wamp64\www\teasel\vendor\cakephp\cakephp\src\Http\Middleware\CsrfProtectionMiddleware.php(119): Cake\Http\Runner->__invoke(Object(Cake\Http\ServerRequest), Object(Cake\Http\Response))
#10 C:\wamp64\www\teasel\vendor\cakephp\cakephp\src\Http\Runner.php(65): Cake\Http\Middleware\CsrfProtectionMiddleware->__invoke(Object(Cake\Http\ServerRequest), Object(Cake\Http\Response), Object(Cake\Http\Runner))
#11 C:\wamp64\www\teasel\vendor\cakephp\cakephp\src\Http\Runner.php(51): Cake\Http\Runner->__invoke(Object(Cake\Http\ServerRequest), Object(Cake\Http\Response))
#12 C:\wamp64\www\teasel\vendor\cakephp\cakephp\src\Routing\Middleware\RoutingMiddleware.php(168): Cake\Http\Runner->run(Object(Cake\Http\MiddlewareQueue), Object(Cake\Http\ServerRequest), Object(Cake\Http\Response))
#13 C:\wamp64\www\teasel\vendor\cakephp\cakephp\src\Http\Runner.php(65): Cake\Routing\Middleware\RoutingMiddleware->__invoke(Object(Cake\Http\ServerRequest), Object(Cake\Http\Response), Object(Cake\Http\Runner))
#14 C:\wamp64\www\teasel\vendor\cakephp\cakephp\src\Routing\Middleware\AssetMiddleware.php(88): Cake\Http\Runner->__invoke(Object(Cake\Http\ServerRequest), Object(Cake\Http\Response))
#15 C:\wamp64\www\teasel\vendor\cakephp\cakephp\src\Http\Runner.php(65): Cake\Routing\Middleware\AssetMiddleware->__invoke(Object(Cake\Http\ServerRequest), Object(Cake\Http\Response), Object(Cake\Http\Runner))
#16 C:\wamp64\www\teasel\vendor\cakephp\cakephp\src\Error\Middleware\ErrorHandlerMiddleware.php(96): Cake\Http\Runner->__invoke(Object(Cake\Http\ServerRequest), Object(Cake\Http\Response))
#17 C:\wamp64\www\teasel\vendor\cakephp\cakephp\src\Http\Runner.php(65): Cake\Error\Middleware\ErrorHandlerMiddleware->__invoke(Object(Cake\Http\ServerRequest), Object(Cake\Http\Response), Object(Cake\Http\Runner))
#18 C:\wamp64\www\teasel\vendor\cakephp\cakephp\src\Http\Runner.php(51): Cake\Http\Runner->__invoke(Object(Cake\Http\ServerRequest), Object(Cake\Http\Response))
#19 C:\wamp64\www\teasel\vendor\cakephp\cakephp\src\Http\Server.php(97): Cake\Http\Runner->run(Object(Cake\Http\MiddlewareQueue), Object(Cake\Http\ServerRequest), Object(Cake\Http\Response))
#20 C:\wamp64\www\teasel\vendor\cakephp\cakephp\src\TestSuite\MiddlewareDispatcher.php(201): Cake\Http\Server->run(Object(Cake\Http\ServerRequest))
#21 C:\wamp64\www\teasel\vendor\cakephp\cakephp\src\TestSuite\IntegrationTestTrait.php(535): Cake\TestSuite\MiddlewareDispatcher->execute(Array)
#22 C:\wamp64\www\teasel\vendor\cakephp\cakephp\src\TestSuite\IntegrationTestTrait.php(415): Cake\TestSuite\IntegrationTestCase->_sendRequest('/pages/not_exis...', 'GET')
#23 C:\wamp64\www\teasel\tests\TestCase\Controller\PagesControllerTest.php(79): Cake\TestSuite\IntegrationTestCase->get('/pages/not_exis...')
#24 [internal function]: App\Test\TestCase\Controller\PagesControllerTest->testMissingTemplateInDebug()
#25 C:\wamp64\www\teasel\vendor\phpunit\phpunit\src\Framework\TestCase.php(1071): ReflectionMethod->invokeArgs(Object(App\Test\TestCase\Controller\PagesControllerTest), Array)
#26 C:\wamp64\www\teasel\vendor\phpunit\phpunit\src\Framework\TestCase.php(939): PHPUnit\Framework\TestCase->runTest()
#27 C:\wamp64\www\teasel\vendor\phpunit\phpunit\src\Framework\TestResult.php(698): PHPUnit\Framework\TestCase->runBare()
#28 C:\wamp64\www\teasel\vendor\phpunit\phpunit\src\Framework\TestCase.php(894): PHPUnit\Framework\TestResult->run(Object(App\Test\TestCase\Controller\PagesControllerTest))
#29 C:\wamp64\www\teasel\vendor\phpunit\phpunit\src\Framework\TestSuite.php(755): PHPUnit\Framework\TestCase->run(Object(PHPUnit\Framework\TestResult))
#30 C:\wamp64\www\teasel\vendor\phpunit\phpunit\src\Framework\TestSuite.php(755): PHPUnit\Framework\TestSuite->run(Object(PHPUnit\Framework\TestResult))
#31 C:\wamp64\www\teasel\vendor\phpunit\phpunit\src\TextUI\TestRunner.php(545): PHPUnit\Framework\TestSuite->run(Object(PHPUnit\Framework\TestResult))
#32 C:\wamp64\www\teasel\vendor\phpunit\phpunit\src\TextUI\Command.php(195): PHPUnit\TextUI\TestRunner->doRun(Object(PHPUnit\Framework\TestSuite), Array, true)
#33 C:\wamp64\www\teasel\vendor\phpunit\phpunit\src\TextUI\Command.php(148): PHPUnit\TextUI\Command->run(Array, true)
#34 C:\wamp64\www\teasel\vendor\phpunit\phpunit\phpunit(53): PHPUnit\TextUI\Command::main()
#35 {main}
Request URL: /pages/not_existing


2019-10-17 09:48:47 Error: [Cake\Http\Exception\ForbiddenException] Forbidden (C:\wamp64\www\teasel\src\Controller\PagesController.php:47)
#0 C:\wamp64\www\teasel\vendor\cakephp\cakephp\src\Controller\Controller.php(609): App\Controller\PagesController->display('..', 'Layout', 'ajax')
#1 C:\wamp64\www\teasel\vendor\cakephp\cakephp\src\Http\ActionDispatcher.php(120): Cake\Controller\Controller->invokeAction()
#2 C:\wamp64\www\teasel\vendor\cakephp\cakephp\src\Http\ActionDispatcher.php(94): Cake\Http\ActionDispatcher->_invoke(Object(App\Controller\PagesController))
#3 C:\wamp64\www\teasel\vendor\cakephp\cakephp\src\Http\BaseApplication.php(234): Cake\Http\ActionDispatcher->dispatch(Object(Cake\Http\ServerRequest), Object(Cake\Http\Response))
#4 C:\wamp64\www\teasel\vendor\cakephp\cakephp\src\Http\Runner.php(65): Cake\Http\BaseApplication->__invoke(Object(Cake\Http\ServerRequest), Object(Cake\Http\Response), Object(Cake\Http\Runner))
#5 C:\wamp64\www\teasel\vendor\cakephp\cakephp\src\Http\Runner.php(65): Cake\Http\Runner->__invoke(Object(Cake\Http\ServerRequest), Object(Cake\Http\Response), Object(Cake\Http\Runner))
#6 C:\wamp64\www\teasel\vendor\cakephp\cakephp\src\Http\Middleware\CsrfProtectionMiddleware.php(119): Cake\Http\Runner->__invoke(Object(Cake\Http\ServerRequest), Object(Cake\Http\Response))
#7 C:\wamp64\www\teasel\vendor\cakephp\cakephp\src\Http\Runner.php(65): Cake\Http\Middleware\CsrfProtectionMiddleware->__invoke(Object(Cake\Http\ServerRequest), Object(Cake\Http\Response), Object(Cake\Http\Runner))
#8 C:\wamp64\www\teasel\vendor\cakephp\cakephp\src\Http\Runner.php(51): Cake\Http\Runner->__invoke(Object(Cake\Http\ServerRequest), Object(Cake\Http\Response))
#9 C:\wamp64\www\teasel\vendor\cakephp\cakephp\src\Routing\Middleware\RoutingMiddleware.php(168): Cake\Http\Runner->run(Object(Cake\Http\MiddlewareQueue), Object(Cake\Http\ServerRequest), Object(Cake\Http\Response))
#10 C:\wamp64\www\teasel\vendor\cakephp\cakephp\src\Http\Runner.php(65): Cake\Routing\Middleware\RoutingMiddleware->__invoke(Object(Cake\Http\ServerRequest), Object(Cake\Http\Response), Object(Cake\Http\Runner))
#11 C:\wamp64\www\teasel\vendor\cakephp\cakephp\src\Routing\Middleware\AssetMiddleware.php(88): Cake\Http\Runner->__invoke(Object(Cake\Http\ServerRequest), Object(Cake\Http\Response))
#12 C:\wamp64\www\teasel\vendor\cakephp\cakephp\src\Http\Runner.php(65): Cake\Routing\Middleware\AssetMiddleware->__invoke(Object(Cake\Http\ServerRequest), Object(Cake\Http\Response), Object(Cake\Http\Runner))
#13 C:\wamp64\www\teasel\vendor\cakephp\cakephp\src\Error\Middleware\ErrorHandlerMiddleware.php(96): Cake\Http\Runner->__invoke(Object(Cake\Http\ServerRequest), Object(Cake\Http\Response))
#14 C:\wamp64\www\teasel\vendor\cakephp\cakephp\src\Http\Runner.php(65): Cake\Error\Middleware\ErrorHandlerMiddleware->__invoke(Object(Cake\Http\ServerRequest), Object(Cake\Http\Response), Object(Cake\Http\Runner))
#15 C:\wamp64\www\teasel\vendor\cakephp\cakephp\src\Http\Runner.php(51): Cake\Http\Runner->__invoke(Object(Cake\Http\ServerRequest), Object(Cake\Http\Response))
#16 C:\wamp64\www\teasel\vendor\cakephp\cakephp\src\Http\Server.php(97): Cake\Http\Runner->run(Object(Cake\Http\MiddlewareQueue), Object(Cake\Http\ServerRequest), Object(Cake\Http\Response))
#17 C:\wamp64\www\teasel\vendor\cakephp\cakephp\src\TestSuite\MiddlewareDispatcher.php(201): Cake\Http\Server->run(Object(Cake\Http\ServerRequest))
#18 C:\wamp64\www\teasel\vendor\cakephp\cakephp\src\TestSuite\IntegrationTestTrait.php(535): Cake\TestSuite\MiddlewareDispatcher->execute(Array)
#19 C:\wamp64\www\teasel\vendor\cakephp\cakephp\src\TestSuite\IntegrationTestTrait.php(415): Cake\TestSuite\IntegrationTestCase->_sendRequest('/pages/../Layou...', 'GET')
#20 C:\wamp64\www\teasel\tests\TestCase\Controller\PagesControllerTest.php(94): Cake\TestSuite\IntegrationTestCase->get('/pages/../Layou...')
#21 [internal function]: App\Test\TestCase\Controller\PagesControllerTest->testDirectoryTraversalProtection()
#22 C:\wamp64\www\teasel\vendor\phpunit\phpunit\src\Framework\TestCase.php(1071): ReflectionMethod->invokeArgs(Object(App\Test\TestCase\Controller\PagesControllerTest), Array)
#23 C:\wamp64\www\teasel\vendor\phpunit\phpunit\src\Framework\TestCase.php(939): PHPUnit\Framework\TestCase->runTest()
#24 C:\wamp64\www\teasel\vendor\phpunit\phpunit\src\Framework\TestResult.php(698): PHPUnit\Framework\TestCase->runBare()
#25 C:\wamp64\www\teasel\vendor\phpunit\phpunit\src\Framework\TestCase.php(894): PHPUnit\Framework\TestResult->run(Object(App\Test\TestCase\Controller\PagesControllerTest))
#26 C:\wamp64\www\teasel\vendor\phpunit\phpunit\src\Framework\TestSuite.php(755): PHPUnit\Framework\TestCase->run(Object(PHPUnit\Framework\TestResult))
#27 C:\wamp64\www\teasel\vendor\phpunit\phpunit\src\Framework\TestSuite.php(755): PHPUnit\Framework\TestSuite->run(Object(PHPUnit\Framework\TestResult))
#28 C:\wamp64\www\teasel\vendor\phpunit\phpunit\src\TextUI\TestRunner.php(545): PHPUnit\Framework\TestSuite->run(Object(PHPUnit\Framework\TestResult))
#29 C:\wamp64\www\teasel\vendor\phpunit\phpunit\src\TextUI\Command.php(195): PHPUnit\TextUI\TestRunner->doRun(Object(PHPUnit\Framework\TestSuite), Array, true)
#30 C:\wamp64\www\teasel\vendor\phpunit\phpunit\src\TextUI\Command.php(148): PHPUnit\TextUI\Command->run(Array, true)
#31 C:\wamp64\www\teasel\vendor\phpunit\phpunit\phpunit(53): PHPUnit\TextUI\Command::main()
#32 {main}
Request URL: /pages/../Layout/ajax


2019-10-17 09:48:47 Error: [Cake\Http\Exception\InvalidCsrfTokenException] Missing CSRF token cookie (C:\wamp64\www\teasel\vendor\cakephp\cakephp\src\Http\Middleware\CsrfProtectionMiddleware.php:227)
#0 C:\wamp64\www\teasel\vendor\cakephp\cakephp\src\Http\Middleware\CsrfProtectionMiddleware.php(151): Cake\Http\Middleware\CsrfProtectionMiddleware->_validateToken(Object(Cake\Http\ServerRequest))
#1 C:\wamp64\www\teasel\vendor\cakephp\cakephp\src\Http\Middleware\CsrfProtectionMiddleware.php(121): Cake\Http\Middleware\CsrfProtectionMiddleware->_validateAndUnsetTokenField(Object(Cake\Http\ServerRequest))
#2 C:\wamp64\www\teasel\vendor\cakephp\cakephp\src\Http\Runner.php(65): Cake\Http\Middleware\CsrfProtectionMiddleware->__invoke(Object(Cake\Http\ServerRequest), Object(Cake\Http\Response), Object(Cake\Http\Runner))
#3 C:\wamp64\www\teasel\vendor\cakephp\cakephp\src\Http\Runner.php(51): Cake\Http\Runner->__invoke(Object(Cake\Http\ServerRequest), Object(Cake\Http\Response))
#4 C:\wamp64\www\teasel\vendor\cakephp\cakephp\src\Routing\Middleware\RoutingMiddleware.php(168): Cake\Http\Runner->run(Object(Cake\Http\MiddlewareQueue), Object(Cake\Http\ServerRequest), Object(Cake\Http\Response))
#5 C:\wamp64\www\teasel\vendor\cakephp\cakephp\src\Http\Runner.php(65): Cake\Routing\Middleware\RoutingMiddleware->__invoke(Object(Cake\Http\ServerRequest), Object(Cake\Http\Response), Object(Cake\Http\Runner))
#6 C:\wamp64\www\teasel\vendor\cakephp\cakephp\src\Routing\Middleware\AssetMiddleware.php(88): Cake\Http\Runner->__invoke(Object(Cake\Http\ServerRequest), Object(Cake\Http\Response))
#7 C:\wamp64\www\teasel\vendor\cakephp\cakephp\src\Http\Runner.php(65): Cake\Routing\Middleware\AssetMiddleware->__invoke(Object(Cake\Http\ServerRequest), Object(Cake\Http\Response), Object(Cake\Http\Runner))
#8 C:\wamp64\www\teasel\vendor\cakephp\cakephp\src\Error\Middleware\ErrorHandlerMiddleware.php(96): Cake\Http\Runner->__invoke(Object(Cake\Http\ServerRequest), Object(Cake\Http\Response))
#9 C:\wamp64\www\teasel\vendor\cakephp\cakephp\src\Http\Runner.php(65): Cake\Error\Middleware\ErrorHandlerMiddleware->__invoke(Object(Cake\Http\ServerRequest), Object(Cake\Http\Response), Object(Cake\Http\Runner))
#10 C:\wamp64\www\teasel\vendor\cakephp\cakephp\src\Http\Runner.php(51): Cake\Http\Runner->__invoke(Object(Cake\Http\ServerRequest), Object(Cake\Http\Response))
#11 C:\wamp64\www\teasel\vendor\cakephp\cakephp\src\Http\Server.php(97): Cake\Http\Runner->run(Object(Cake\Http\MiddlewareQueue), Object(Cake\Http\ServerRequest), Object(Cake\Http\Response))
#12 C:\wamp64\www\teasel\vendor\cakephp\cakephp\src\TestSuite\MiddlewareDispatcher.php(201): Cake\Http\Server->run(Object(Cake\Http\ServerRequest))
#13 C:\wamp64\www\teasel\vendor\cakephp\cakephp\src\TestSuite\IntegrationTestTrait.php(535): Cake\TestSuite\MiddlewareDispatcher->execute(Array)
#14 C:\wamp64\www\teasel\vendor\cakephp\cakephp\src\TestSuite\IntegrationTestTrait.php(432): Cake\TestSuite\IntegrationTestCase->_sendRequest('/pages/home', 'POST', Array)
#15 C:\wamp64\www\teasel\tests\TestCase\Controller\PagesControllerTest.php(106): Cake\TestSuite\IntegrationTestCase->post('/pages/home', Array)
#16 [internal function]: App\Test\TestCase\Controller\PagesControllerTest->testCsrfAppliedError()
#17 C:\wamp64\www\teasel\vendor\phpunit\phpunit\src\Framework\TestCase.php(1071): ReflectionMethod->invokeArgs(Object(App\Test\TestCase\Controller\PagesControllerTest), Array)
#18 C:\wamp64\www\teasel\vendor\phpunit\phpunit\src\Framework\TestCase.php(939): PHPUnit\Framework\TestCase->runTest()
#19 C:\wamp64\www\teasel\vendor\phpunit\phpunit\src\Framework\TestResult.php(698): PHPUnit\Framework\TestCase->runBare()
#20 C:\wamp64\www\teasel\vendor\phpunit\phpunit\src\Framework\TestCase.php(894): PHPUnit\Framework\TestResult->run(Object(App\Test\TestCase\Controller\PagesControllerTest))
#21 C:\wamp64\www\teasel\vendor\phpunit\phpunit\src\Framework\TestSuite.php(755): PHPUnit\Framework\TestCase->run(Object(PHPUnit\Framework\TestResult))
#22 C:\wamp64\www\teasel\vendor\phpunit\phpunit\src\Framework\TestSuite.php(755): PHPUnit\Framework\TestSuite->run(Object(PHPUnit\Framework\TestResult))
#23 C:\wamp64\www\teasel\vendor\phpunit\phpunit\src\TextUI\TestRunner.php(545): PHPUnit\Framework\TestSuite->run(Object(PHPUnit\Framework\TestResult))
#24 C:\wamp64\www\teasel\vendor\phpunit\phpunit\src\TextUI\Command.php(195): PHPUnit\TextUI\TestRunner->doRun(Object(PHPUnit\Framework\TestSuite), Array, true)
#25 C:\wamp64\www\teasel\vendor\phpunit\phpunit\src\TextUI\Command.php(148): PHPUnit\TextUI\Command->run(Array, true)
#26 C:\wamp64\www\teasel\vendor\phpunit\phpunit\phpunit(53): PHPUnit\TextUI\Command::main()
#27 {main}
Request URL: /pages/home


2019-10-17 09:50:02 Error: [Cake\View\Exception\MissingTemplateException] Template file "Apis\test.ctp" is missing. (C:\wamp64\www\teasel\vendor\cakephp\cakephp\src\View\View.php:1581)
#0 C:\wamp64\www\teasel\vendor\cakephp\cakephp\src\View\View.php(875): Cake\View\View->_getViewFileName('Apis\\test')
#1 C:\wamp64\www\teasel\vendor\cakephp\cakephp\src\Controller\Controller.php(795): Cake\View\View->render(NULL, NULL)
#2 C:\wamp64\www\teasel\vendor\cakephp\cakephp\src\Http\ActionDispatcher.php(126): Cake\Controller\Controller->render()
#3 C:\wamp64\www\teasel\vendor\cakephp\cakephp\src\Http\ActionDispatcher.php(94): Cake\Http\ActionDispatcher->_invoke(Object(App\Controller\ApisController))
#4 C:\wamp64\www\teasel\vendor\cakephp\cakephp\src\Http\BaseApplication.php(234): Cake\Http\ActionDispatcher->dispatch(Object(Cake\Http\ServerRequest), Object(Cake\Http\Response))
#5 C:\wamp64\www\teasel\vendor\cakephp\cakephp\src\Http\Runner.php(65): Cake\Http\BaseApplication->__invoke(Object(Cake\Http\ServerRequest), Object(Cake\Http\Response), Object(Cake\Http\Runner))
#6 C:\wamp64\www\teasel\vendor\cakephp\cakephp\src\Http\Runner.php(65): Cake\Http\Runner->__invoke(Object(Cake\Http\ServerRequest), Object(Cake\Http\Response), Object(Cake\Http\Runner))
#7 C:\wamp64\www\teasel\vendor\cakephp\cakephp\src\Http\Middleware\CsrfProtectionMiddleware.php(119): Cake\Http\Runner->__invoke(Object(Cake\Http\ServerRequest), Object(Cake\Http\Response))
#8 C:\wamp64\www\teasel\vendor\cakephp\cakephp\src\Http\Runner.php(65): Cake\Http\Middleware\CsrfProtectionMiddleware->__invoke(Object(Cake\Http\ServerRequest), Object(Cake\Http\Response), Object(Cake\Http\Runner))
#9 C:\wamp64\www\teasel\vendor\cakephp\cakephp\src\Http\Runner.php(51): Cake\Http\Runner->__invoke(Object(Cake\Http\ServerRequest), Object(Cake\Http\Response))
#10 C:\wamp64\www\teasel\vendor\cakephp\cakephp\src\Routing\Middleware\RoutingMiddleware.php(168): Cake\Http\Runner->run(Object(Cake\Http\MiddlewareQueue), Object(Cake\Http\ServerRequest), Object(Cake\Http\Response))
#11 C:\wamp64\www\teasel\vendor\cakephp\cakephp\src\Http\Runner.php(65): Cake\Routing\Middleware\RoutingMiddleware->__invoke(Object(Cake\Http\ServerRequest), Object(Cake\Http\Response), Object(Cake\Http\Runner))
#12 C:\wamp64\www\teasel\vendor\cakephp\cakephp\src\Routing\Middleware\AssetMiddleware.php(88): Cake\Http\Runner->__invoke(Object(Cake\Http\ServerRequest), Object(Cake\Http\Response))
#13 C:\wamp64\www\teasel\vendor\cakephp\cakephp\src\Http\Runner.php(65): Cake\Routing\Middleware\AssetMiddleware->__invoke(Object(Cake\Http\ServerRequest), Object(Cake\Http\Response), Object(Cake\Http\Runner))
#14 C:\wamp64\www\teasel\vendor\cakephp\cakephp\src\Error\Middleware\ErrorHandlerMiddleware.php(96): Cake\Http\Runner->__invoke(Object(Cake\Http\ServerRequest), Object(Cake\Http\Response))
#15 C:\wamp64\www\teasel\vendor\cakephp\cakephp\src\Http\Runner.php(65): Cake\Error\Middleware\ErrorHandlerMiddleware->__invoke(Object(Cake\Http\ServerRequest), Object(Cake\Http\Response), Object(Cake\Http\Runner))
#16 C:\wamp64\www\teasel\vendor\cakephp\cakephp\src\Http\Runner.php(51): Cake\Http\Runner->__invoke(Object(Cake\Http\ServerRequest), Object(Cake\Http\Response))
#17 C:\wamp64\www\teasel\vendor\cakephp\cakephp\src\Http\Server.php(97): Cake\Http\Runner->run(Object(Cake\Http\MiddlewareQueue), Object(Cake\Http\ServerRequest), Object(Cake\Http\Response))
#18 C:\wamp64\www\teasel\vendor\cakephp\cakephp\src\TestSuite\MiddlewareDispatcher.php(201): Cake\Http\Server->run(Object(Cake\Http\ServerRequest))
#19 C:\wamp64\www\teasel\vendor\cakephp\cakephp\src\TestSuite\IntegrationTestTrait.php(535): Cake\TestSuite\MiddlewareDispatcher->execute(Array)
#20 C:\wamp64\www\teasel\vendor\cakephp\cakephp\src\TestSuite\IntegrationTestTrait.php(415): App\Test\TestCase\Controller\ApisControllerTest->_sendRequest('/api/paypal/pay...', 'GET')
#21 C:\wamp64\www\teasel\tests\TestCase\Controller\ApisControllerTest.php(33): App\Test\TestCase\Controller\ApisControllerTest->get('/api/paypal/pay...')
#22 [internal function]: App\Test\TestCase\Controller\ApisControllerTest->testPaymentByPaypal()
#23 C:\wamp64\www\teasel\vendor\phpunit\phpunit\src\Framework\TestCase.php(1071): ReflectionMethod->invokeArgs(Object(App\Test\TestCase\Controller\ApisControllerTest), Array)
#24 C:\wamp64\www\teasel\vendor\phpunit\phpunit\src\Framework\TestCase.php(939): PHPUnit\Framework\TestCase->runTest()
#25 C:\wamp64\www\teasel\vendor\phpunit\phpunit\src\Framework\TestResult.php(698): PHPUnit\Framework\TestCase->runBare()
#26 C:\wamp64\www\teasel\vendor\phpunit\phpunit\src\Framework\TestCase.php(894): PHPUnit\Framework\TestResult->run(Object(App\Test\TestCase\Controller\ApisControllerTest))
#27 C:\wamp64\www\teasel\vendor\phpunit\phpunit\src\Framework\TestSuite.php(755): PHPUnit\Framework\TestCase->run(Object(PHPUnit\Framework\TestResult))
#28 C:\wamp64\www\teasel\vendor\phpunit\phpunit\src\TextUI\TestRunner.php(545): PHPUnit\Framework\TestSuite->run(Object(PHPUnit\Framework\TestResult))
#29 C:\wamp64\www\teasel\vendor\phpunit\phpunit\src\TextUI\Command.php(195): PHPUnit\TextUI\TestRunner->doRun(Object(PHPUnit\Framework\TestSuite), Array, true)
#30 C:\wamp64\www\teasel\vendor\phpunit\phpunit\src\TextUI\Command.php(148): PHPUnit\TextUI\Command->run(Array, true)
#31 C:\wamp64\www\teasel\vendor\phpunit\phpunit\phpunit(53): PHPUnit\TextUI\Command::main()
#32 {main}
Request URL: /api/paypal/payment


2019-10-17 09:52:32 Error: [Cake\Controller\Exception\MissingActionException] Action ApisController::paymentByPaypal() could not be found, or is not accessible. (C:\wamp64\www\teasel\vendor\cakephp\cakephp\src\Controller\Controller.php:599)
#0 C:\wamp64\www\teasel\vendor\cakephp\cakephp\src\Http\ActionDispatcher.php(120): Cake\Controller\Controller->invokeAction()
#1 C:\wamp64\www\teasel\vendor\cakephp\cakephp\src\Http\ActionDispatcher.php(94): Cake\Http\ActionDispatcher->_invoke(Object(App\Controller\ApisController))
#2 C:\wamp64\www\teasel\vendor\cakephp\cakephp\src\Http\BaseApplication.php(234): Cake\Http\ActionDispatcher->dispatch(Object(Cake\Http\ServerRequest), Object(Cake\Http\Response))
#3 C:\wamp64\www\teasel\vendor\cakephp\cakephp\src\Http\Runner.php(65): Cake\Http\BaseApplication->__invoke(Object(Cake\Http\ServerRequest), Object(Cake\Http\Response), Object(Cake\Http\Runner))
#4 C:\wamp64\www\teasel\vendor\cakephp\cakephp\src\Http\Runner.php(65): Cake\Http\Runner->__invoke(Object(Cake\Http\ServerRequest), Object(Cake\Http\Response), Object(Cake\Http\Runner))
#5 C:\wamp64\www\teasel\vendor\cakephp\cakephp\src\Http\Middleware\CsrfProtectionMiddleware.php(119): Cake\Http\Runner->__invoke(Object(Cake\Http\ServerRequest), Object(Cake\Http\Response))
#6 C:\wamp64\www\teasel\vendor\cakephp\cakephp\src\Http\Runner.php(65): Cake\Http\Middleware\CsrfProtectionMiddleware->__invoke(Object(Cake\Http\ServerRequest), Object(Cake\Http\Response), Object(Cake\Http\Runner))
#7 C:\wamp64\www\teasel\vendor\cakephp\cakephp\src\Http\Runner.php(51): Cake\Http\Runner->__invoke(Object(Cake\Http\ServerRequest), Object(Cake\Http\Response))
#8 C:\wamp64\www\teasel\vendor\cakephp\cakephp\src\Routing\Middleware\RoutingMiddleware.php(168): Cake\Http\Runner->run(Object(Cake\Http\MiddlewareQueue), Object(Cake\Http\ServerRequest), Object(Cake\Http\Response))
#9 C:\wamp64\www\teasel\vendor\cakephp\cakephp\src\Http\Runner.php(65): Cake\Routing\Middleware\RoutingMiddleware->__invoke(Object(Cake\Http\ServerRequest), Object(Cake\Http\Response), Object(Cake\Http\Runner))
#10 C:\wamp64\www\teasel\vendor\cakephp\cakephp\src\Routing\Middleware\AssetMiddleware.php(88): Cake\Http\Runner->__invoke(Object(Cake\Http\ServerRequest), Object(Cake\Http\Response))
#11 C:\wamp64\www\teasel\vendor\cakephp\cakephp\src\Http\Runner.php(65): Cake\Routing\Middleware\AssetMiddleware->__invoke(Object(Cake\Http\ServerRequest), Object(Cake\Http\Response), Object(Cake\Http\Runner))
#12 C:\wamp64\www\teasel\vendor\cakephp\cakephp\src\Error\Middleware\ErrorHandlerMiddleware.php(96): Cake\Http\Runner->__invoke(Object(Cake\Http\ServerRequest), Object(Cake\Http\Response))
#13 C:\wamp64\www\teasel\vendor\cakephp\cakephp\src\Http\Runner.php(65): Cake\Error\Middleware\ErrorHandlerMiddleware->__invoke(Object(Cake\Http\ServerRequest), Object(Cake\Http\Response), Object(Cake\Http\Runner))
#14 C:\wamp64\www\teasel\vendor\cakephp\cakephp\src\Http\Runner.php(51): Cake\Http\Runner->__invoke(Object(Cake\Http\ServerRequest), Object(Cake\Http\Response))
#15 C:\wamp64\www\teasel\vendor\cakephp\cakephp\src\Http\Server.php(97): Cake\Http\Runner->run(Object(Cake\Http\MiddlewareQueue), Object(Cake\Http\ServerRequest), Object(Cake\Http\Response))
#16 C:\wamp64\www\teasel\vendor\cakephp\cakephp\src\TestSuite\MiddlewareDispatcher.php(201): Cake\Http\Server->run(Object(Cake\Http\ServerRequest))
#17 C:\wamp64\www\teasel\vendor\cakephp\cakephp\src\TestSuite\IntegrationTestTrait.php(535): Cake\TestSuite\MiddlewareDispatcher->execute(Array)
#18 C:\wamp64\www\teasel\vendor\cakephp\cakephp\src\TestSuite\IntegrationTestTrait.php(415): App\Test\TestCase\Controller\ApisControllerTest->_sendRequest('/api/paypal/pay...', 'GET')
#19 C:\wamp64\www\teasel\tests\TestCase\Controller\ApisControllerTest.php(33): App\Test\TestCase\Controller\ApisControllerTest->get('/api/paypal/pay...')
#20 [internal function]: App\Test\TestCase\Controller\ApisControllerTest->testPaymentByPaypal()
#21 C:\wamp64\www\teasel\vendor\phpunit\phpunit\src\Framework\TestCase.php(1071): ReflectionMethod->invokeArgs(Object(App\Test\TestCase\Controller\ApisControllerTest), Array)
#22 C:\wamp64\www\teasel\vendor\phpunit\phpunit\src\Framework\TestCase.php(939): PHPUnit\Framework\TestCase->runTest()
#23 C:\wamp64\www\teasel\vendor\phpunit\phpunit\src\Framework\TestResult.php(698): PHPUnit\Framework\TestCase->runBare()
#24 C:\wamp64\www\teasel\vendor\phpunit\phpunit\src\Framework\TestCase.php(894): PHPUnit\Framework\TestResult->run(Object(App\Test\TestCase\Controller\ApisControllerTest))
#25 C:\wamp64\www\teasel\vendor\phpunit\phpunit\src\Framework\TestSuite.php(755): PHPUnit\Framework\TestCase->run(Object(PHPUnit\Framework\TestResult))
#26 C:\wamp64\www\teasel\vendor\phpunit\phpunit\src\TextUI\TestRunner.php(545): PHPUnit\Framework\TestSuite->run(Object(PHPUnit\Framework\TestResult))
#27 C:\wamp64\www\teasel\vendor\phpunit\phpunit\src\TextUI\Command.php(195): PHPUnit\TextUI\TestRunner->doRun(Object(PHPUnit\Framework\TestSuite), Array, true)
#28 C:\wamp64\www\teasel\vendor\phpunit\phpunit\src\TextUI\Command.php(148): PHPUnit\TextUI\Command->run(Array, true)
#29 C:\wamp64\www\teasel\vendor\phpunit\phpunit\phpunit(53): PHPUnit\TextUI\Command::main()
#30 {main}
Request URL: /api/paypal/payment


